#
# There is insufficient memory for the Java Runtime Environment to continue.
# Native memory allocation (mmap) failed to map 61865984 bytes for committing reserved memory.
# Possible reasons:
#   The system is out of physical RAM or swap space
#   In 32 bit mode, the process size limit was hit
# Possible solutions:
#   Reduce memory load on the system
#   Increase physical memory or swap space
#   Check if swap backing store is full
#   Use 64 bit Java on a 64 bit OS
#   Decrease Java heap size (-Xmx/-Xms)
#   Decrease number of Java threads
#   Decrease Java thread stack sizes (-Xss)
#   Set larger code cache with -XX:ReservedCodeCacheSize=
# This output file may be truncated or incomplete.
#
#  Out of Memory Error (os_linux.cpp:2627), pid=13747, tid=140110697764608
#
# JRE version: Java(TM) SE Runtime Environment (8.0_77-b03) (build 1.8.0_77-b03)
# Java VM: Java HotSpot(TM) 64-Bit Server VM (25.77-b03 mixed mode linux-amd64 compressed oops)
# Failed to write core dump. Core dumps have been disabled. To enable core dumping, try "ulimit -c unlimited" before starting Java again
#

---------------  T H R E A D  ---------------

Current thread (0x00007f6e0c073800):  VMThread [stack: 0x00007f6e104e9000,0x00007f6e105ea000] [id=13752]

Stack: [0x00007f6e104e9000,0x00007f6e105ea000],  sp=0x00007f6e105e82a0,  free space=1020k
Native frames: (J=compiled Java code, j=interpreted, Vv=VM code, C=native code)
V  [libjvm.so+0xaba7ea]  VMError::report_and_die()+0x2ba
V  [libjvm.so+0x4f9e3b]  report_vm_out_of_memory(char const*, int, unsigned long, VMErrorType, char const*)+0x8b
V  [libjvm.so+0x91b613]  os::Linux::commit_memory_impl(char*, unsigned long, bool)+0x103
V  [libjvm.so+0x91bb69]  os::pd_commit_memory(char*, unsigned long, unsigned long, bool)+0x29
V  [libjvm.so+0x915e6a]  os::commit_memory(char*, unsigned long, unsigned long, bool)+0x2a
V  [libjvm.so+0x989543]  PSVirtualSpace::expand_by(unsigned long)+0x53
V  [libjvm.so+0x98a948]  PSYoungGen::resize_generation(unsigned long, unsigned long)+0xf8
V  [libjvm.so+0x989aa2]  PSYoungGen::resize(unsigned long, unsigned long)+0x22
V  [libjvm.so+0x986d7b]  PSScavenge::invoke_no_policy()+0xf3b
V  [libjvm.so+0x987501]  PSScavenge::invoke()+0x41
V  [libjvm.so+0x93f300]  ParallelScavengeHeap::failed_mem_allocate(unsigned long)+0x70
V  [libjvm.so+0xabc207]  VM_ParallelGCFailedAllocation::doit()+0x97
V  [libjvm.so+0xac3c35]  VM_Operation::evaluate()+0x55
V  [libjvm.so+0xac200a]  VMThread::evaluate_operation(VM_Operation*)+0xba
V  [libjvm.so+0xac238e]  VMThread::loop()+0x1ce
V  [libjvm.so+0xac2800]  VMThread::run()+0x70
V  [libjvm.so+0x91d9d8]  java_start(Thread*)+0x108

VM_Operation (0x00007f6df49574b0): ParallelGCFailedAllocation, mode: safepoint, requested by thread 0x00007f6dcc00d000


---------------  P R O C E S S  ---------------

Java Threads: ( => current thread )
  0x00000000017a3800 JavaThread "process reaper" daemon [_thread_blocked, id=13774, stack(0x00007f6df417d000,0x00007f6df41b6000)]
  0x000000000163f000 JavaThread "File lock request listener" [_thread_in_native, id=13771, stack(0x00007f6df41e1000,0x00007f6df42e2000)]
  0x0000000001339000 JavaThread "Stdin handler" [_thread_blocked, id=13770, stack(0x00007f6df475b000,0x00007f6df485c000)]
  0x00007f6dcc00d000 JavaThread "Daemon worker" [_thread_blocked, id=13767, stack(0x00007f6df485c000,0x00007f6df495d000)]
  0x00007f6dcc00c800 JavaThread "Cancel handler" [_thread_blocked, id=13766, stack(0x00007f6df495d000,0x00007f6df4a5e000)]
  0x00007f6dcc005800 JavaThread "Handler for socket connection from /127.0.0.1:60533 to /127.0.0.1:40242" [_thread_in_native, id=13764, stack(0x00007f6df4c5e000,0x00007f6df4d5f000)]
  0x00007f6dc803e000 JavaThread "Daemon" [_thread_blocked, id=13763, stack(0x00007f6df4d5f000,0x00007f6df4e60000)]
  0x00007f6e0c9e6000 JavaThread "Incoming local TCP Connector on port 60533" [_thread_in_native, id=13762, stack(0x00007f6df4e60000,0x00007f6df4f61000)]
  0x00007f6e0c0c5800 JavaThread "Service Thread" daemon [_thread_blocked, id=13759, stack(0x00007f6dfc18b000,0x00007f6dfc28c000)]
  0x00007f6e0c0b8800 JavaThread "C1 CompilerThread1" daemon [_thread_blocked, id=13758, stack(0x00007f6dfc28c000,0x00007f6dfc38d000)]
  0x00007f6e0c0b5800 JavaThread "C2 CompilerThread0" daemon [_thread_blocked, id=13757, stack(0x00007f6e100e5000,0x00007f6e101e6000)]
  0x00007f6e0c0b4000 JavaThread "Signal Dispatcher" daemon [_thread_blocked, id=13756, stack(0x00007f6e101e6000,0x00007f6e102e7000)]
  0x00007f6e0c080000 JavaThread "Finalizer" daemon [_thread_blocked, id=13754, stack(0x00007f6e102e7000,0x00007f6e103e8000)]
  0x00007f6e0c07b800 JavaThread "Reference Handler" daemon [_thread_blocked, id=13753, stack(0x00007f6e103e8000,0x00007f6e104e9000)]
  0x00007f6e0c00a000 JavaThread "main" [_thread_blocked, id=13749, stack(0x00007f6e1534e000,0x00007f6e1544f000)]

Other Threads:
=>0x00007f6e0c073800 VMThread [stack: 0x00007f6e104e9000,0x00007f6e105ea000] [id=13752]
  0x00007f6e0c0d0000 WatcherThread [stack: 0x00007f6dfc08a000,0x00007f6dfc18b000] [id=13760]

VM state:at safepoint (normal execution)

VM Mutex/Monitor currently owned by a thread:  ([mutex/lock_event])
[0x00007f6e0c006410] Threads_lock - owner thread: 0x00007f6e0c073800
[0x00007f6e0c006910] Heap_lock - owner thread: 0x00007f6dcc00d000

Heap:
 PSYoungGen      total 169472K, used 8196K [0x00000000eab00000, 0x00000000f6000000, 0x0000000100000000)
  eden space 158720K, 0% used [0x00000000eab00000,0x00000000eab00000,0x00000000f4600000)
  from space 10752K, 76% used [0x00000000f4600000,0x00000000f4e01040,0x00000000f5080000)
  to   space 10752K, 0% used [0x00000000f5080000,0x00000000f5080000,0x00000000f5b00000)
 ParOldGen       total 32768K, used 22479K [0x00000000c0000000, 0x00000000c2000000, 0x00000000eab00000)
  object space 32768K, 68% used [0x00000000c0000000,0x00000000c15f3db0,0x00000000c2000000)
 Metaspace       used 28792K, capacity 29952K, committed 30080K, reserved 1075200K
  class space    used 3734K, capacity 4133K, committed 4224K, reserved 1048576K

Card table byte_map: [0x00007f6e11f09000,0x00007f6e1210a000] byte_map_base: 0x00007f6e11909000

Marking Bits: (ParMarkBitMap*) 0x00007f6e14821100
 Begin Bits: [0x00007f6df6000000, 0x00007f6df7000000)
 End Bits:   [0x00007f6df7000000, 0x00007f6df8000000)

Polling page: 0x00007f6e1546e000

CodeCache: size=245760Kb used=10851Kb max_used=10894Kb free=234908Kb
 bounds [0x00007f6dfd000000, 0x00007f6dfdab0000, 0x00007f6e0c000000]
 total_blobs=3708 nmethods=3053 adapters=569
 compilation: enabled

Compilation events (10 events):
Event: 37,869 Thread 0x00007f6e0c0b8800 3272   !   2       org.codehaus.groovy.antlr.AntlrParserPlugin::importDef (473 bytes)
Event: 37,882 Thread 0x00007f6e0c0b8800 nmethod 3272 0x00007f6dfda7a2d0 code [0x00007f6dfda7a700, 0x00007f6dfda7b8c8]
Event: 37,882 Thread 0x00007f6e0c0b8800 3273       2       org.codehaus.groovy.antlr.AntlrParserPlugin::processAnnotations (43 bytes)
Event: 37,883 Thread 0x00007f6e0c0b8800 nmethod 3273 0x00007f6dfda7d5d0 code [0x00007f6dfda7d760, 0x00007f6dfda7da48]
Event: 37,883 Thread 0x00007f6e0c0b8800 3275       2       org.codehaus.groovy.syntax.ASTHelper::dot (37 bytes)
Event: 37,884 Thread 0x00007f6e0c0b8800 nmethod 3275 0x00007f6dfda7dc50 code [0x00007f6dfda7dde0, 0x00007f6dfda7e138]
Event: 37,910 Thread 0x00007f6e0c0b8800 3277       2       com.google.common.base.Equivalence$Equals::doEquivalent (6 bytes)
Event: 37,911 Thread 0x00007f6e0c0b8800 nmethod 3277 0x00007f6dfda7e350 code [0x00007f6dfda7e4c0, 0x00007f6dfda7e648]
Event: 39,944 Thread 0x00007f6e0c0b5800 nmethod 2939 0x00007f6dfda89390 code [0x00007f6dfda8a160, 0x00007f6dfda93ef0]
Event: 39,955 Thread 0x00007f6e0c0b5800 3105 %     4       java.util.regex.Matcher::match @ 46 (109 bytes)

GC Heap History (10 events):
Event: 11,753 GC heap after
Heap after GC invocations=9 (full 1):
 PSYoungGen      total 96768K, used 1168K [0x00000000eab00000, 0x00000000f1280000, 0x0000000100000000)
  eden space 91648K, 0% used [0x00000000eab00000,0x00000000eab00000,0x00000000f0480000)
  from space 5120K, 22% used [0x00000000f0d80000,0x00000000f0ea4030,0x00000000f1280000)
  to   space 7168K, 0% used [0x00000000f0480000,0x00000000f0480000,0x00000000f0b80000)
 ParOldGen       total 32768K, used 14563K [0x00000000c0000000, 0x00000000c2000000, 0x00000000eab00000)
  object space 32768K, 44% used [0x00000000c0000000,0x00000000c0e38f88,0x00000000c2000000)
 Metaspace       used 21149K, capacity 21582K, committed 21760K, reserved 1069056K
  class space    used 2866K, capacity 3023K, committed 3072K, reserved 1048576K
}
Event: 13,761 GC heap before
{Heap before GC invocations=10 (full 1):
 PSYoungGen      total 96768K, used 92816K [0x00000000eab00000, 0x00000000f1280000, 0x0000000100000000)
  eden space 91648K, 100% used [0x00000000eab00000,0x00000000f0480000,0x00000000f0480000)
  from space 5120K, 22% used [0x00000000f0d80000,0x00000000f0ea4030,0x00000000f1280000)
  to   space 7168K, 0% used [0x00000000f0480000,0x00000000f0480000,0x00000000f0b80000)
 ParOldGen       total 32768K, used 14563K [0x00000000c0000000, 0x00000000c2000000, 0x00000000eab00000)
  object space 32768K, 44% used [0x00000000c0000000,0x00000000c0e38f88,0x00000000c2000000)
 Metaspace       used 21157K, capacity 21582K, committed 21760K, reserved 1069056K
  class space    used 2866K, capacity 3023K, committed 3072K, reserved 1048576K
Event: 13,816 GC heap after
Heap after GC invocations=10 (full 1):
 PSYoungGen      total 98816K, used 1360K [0x00000000eab00000, 0x00000000f2d00000, 0x0000000100000000)
  eden space 91648K, 0% used [0x00000000eab00000,0x00000000eab00000,0x00000000f0480000)
  from space 7168K, 18% used [0x00000000f0480000,0x00000000f05d4030,0x00000000f0b80000)
  to   space 7168K, 0% used [0x00000000f2600000,0x00000000f2600000,0x00000000f2d00000)
 ParOldGen       total 32768K, used 14563K [0x00000000c0000000, 0x00000000c2000000, 0x00000000eab00000)
  object space 32768K, 44% used [0x00000000c0000000,0x00000000c0e38f88,0x00000000c2000000)
 Metaspace       used 21157K, capacity 21582K, committed 21760K, reserved 1069056K
  class space    used 2866K, capacity 3023K, committed 3072K, reserved 1048576K
}
Event: 15,409 GC heap before
{Heap before GC invocations=11 (full 1):
 PSYoungGen      total 98816K, used 93008K [0x00000000eab00000, 0x00000000f2d00000, 0x0000000100000000)
  eden space 91648K, 100% used [0x00000000eab00000,0x00000000f0480000,0x00000000f0480000)
  from space 7168K, 18% used [0x00000000f0480000,0x00000000f05d4030,0x00000000f0b80000)
  to   space 7168K, 0% used [0x00000000f2600000,0x00000000f2600000,0x00000000f2d00000)
 ParOldGen       total 32768K, used 14563K [0x00000000c0000000, 0x00000000c2000000, 0x00000000eab00000)
  object space 32768K, 44% used [0x00000000c0000000,0x00000000c0e38f88,0x00000000c2000000)
 Metaspace       used 21175K, capacity 21582K, committed 21760K, reserved 1069056K
  class space    used 2867K, capacity 3023K, committed 3072K, reserved 1048576K
Event: 15,456 GC heap after
Heap after GC invocations=11 (full 1):
 PSYoungGen      total 126464K, used 1888K [0x00000000eab00000, 0x00000000f2e00000, 0x0000000100000000)
  eden space 119296K, 0% used [0x00000000eab00000,0x00000000eab00000,0x00000000f1f80000)
  from space 7168K, 26% used [0x00000000f2600000,0x00000000f27d8040,0x00000000f2d00000)
  to   space 6656K, 0% used [0x00000000f1f80000,0x00000000f1f80000,0x00000000f2600000)
 ParOldGen       total 32768K, used 14563K [0x00000000c0000000, 0x00000000c2000000, 0x00000000eab00000)
  object space 32768K, 44% used [0x00000000c0000000,0x00000000c0e38f88,0x00000000c2000000)
 Metaspace       used 21175K, capacity 21582K, committed 21760K, reserved 1069056K
  class space    used 2867K, capacity 3023K, committed 3072K, reserved 1048576K
}
Event: 32,809 GC heap before
{Heap before GC invocations=12 (full 1):
 PSYoungGen      total 126464K, used 121184K [0x00000000eab00000, 0x00000000f2e00000, 0x0000000100000000)
  eden space 119296K, 100% used [0x00000000eab00000,0x00000000f1f80000,0x00000000f1f80000)
  from space 7168K, 26% used [0x00000000f2600000,0x00000000f27d8040,0x00000000f2d00000)
  to   space 6656K, 0% used [0x00000000f1f80000,0x00000000f1f80000,0x00000000f2600000)
 ParOldGen       total 32768K, used 14563K [0x00000000c0000000, 0x00000000c2000000, 0x00000000eab00000)
  object space 32768K, 44% used [0x00000000c0000000,0x00000000c0e38f88,0x00000000c2000000)
 Metaspace       used 28314K, capacity 29276K, committed 29440K, reserved 1075200K
  class space    used 3716K, capacity 4065K, committed 4096K, reserved 1048576K
Event: 33,215 GC heap after
Heap after GC invocations=12 (full 1):
 PSYoungGen      total 125952K, used 6628K [0x00000000eab00000, 0x00000000f5b00000, 0x0000000100000000)
  eden space 119296K, 0% used [0x00000000eab00000,0x00000000eab00000,0x00000000f1f80000)
  from space 6656K, 99% used [0x00000000f1f80000,0x00000000f25f9050,0x00000000f2600000)
  to   space 10752K, 0% used [0x00000000f5080000,0x00000000f5080000,0x00000000f5b00000)
 ParOldGen       total 32768K, used 21527K [0x00000000c0000000, 0x00000000c2000000, 0x00000000eab00000)
  object space 32768K, 65% used [0x00000000c0000000,0x00000000c1505d80,0x00000000c2000000)
 Metaspace       used 28314K, capacity 29276K, committed 29440K, reserved 1075200K
  class space    used 3716K, capacity 4065K, committed 4096K, reserved 1048576K
}
Event: 36,032 GC heap before
{Heap before GC invocations=13 (full 1):
 PSYoungGen      total 125952K, used 125924K [0x00000000eab00000, 0x00000000f5b00000, 0x0000000100000000)
  eden space 119296K, 100% used [0x00000000eab00000,0x00000000f1f80000,0x00000000f1f80000)
  from space 6656K, 99% used [0x00000000f1f80000,0x00000000f25f9050,0x00000000f2600000)
  to   space 10752K, 0% used [0x00000000f5080000,0x00000000f5080000,0x00000000f5b00000)
 ParOldGen       total 32768K, used 21527K [0x00000000c0000000, 0x00000000c2000000, 0x00000000eab00000)
  object space 32768K, 65% used [0x00000000c0000000,0x00000000c1505d80,0x00000000c2000000)
 Metaspace       used 28412K, capacity 29404K, committed 29696K, reserved 1075200K
  class space    used 3719K, capacity 4065K, committed 4096K, reserved 1048576K
Event: 36,162 GC heap after
Heap after GC invocations=13 (full 1):
 PSYoungGen      total 169472K, used 6740K [0x00000000eab00000, 0x00000000f6000000, 0x0000000100000000)
  eden space 158720K, 0% used [0x00000000eab00000,0x00000000eab00000,0x00000000f4600000)
  from space 10752K, 62% used [0x00000000f5080000,0x00000000f5715030,0x00000000f5b00000)
  to   space 10752K, 0% used [0x00000000f4600000,0x00000000f4600000,0x00000000f5080000)
 ParOldGen       total 32768K, used 22007K [0x00000000c0000000, 0x00000000c2000000, 0x00000000eab00000)
  object space 32768K, 67% used [0x00000000c0000000,0x00000000c157ddb0,0x00000000c2000000)
 Metaspace       used 28412K, capacity 29404K, committed 29696K, reserved 1075200K
  class space    used 3719K, capacity 4065K, committed 4096K, reserved 1048576K
}
Event: 39,977 GC heap before
{Heap before GC invocations=14 (full 1):
 PSYoungGen      total 169472K, used 165460K [0x00000000eab00000, 0x00000000f6000000, 0x0000000100000000)
  eden space 158720K, 100% used [0x00000000eab00000,0x00000000f4600000,0x00000000f4600000)
  from space 10752K, 62% used [0x00000000f5080000,0x00000000f5715030,0x00000000f5b00000)
  to   space 10752K, 0% used [0x00000000f4600000,0x00000000f4600000,0x00000000f5080000)
 ParOldGen       total 32768K, used 22007K [0x00000000c0000000, 0x00000000c2000000, 0x00000000eab00000)
  object space 32768K, 67% used [0x00000000c0000000,0x00000000c157ddb0,0x00000000c2000000)
 Metaspace       used 28792K, capacity 29952K, committed 30080K, reserved 1075200K
  class space    used 3734K, capacity 4133K, committed 4224K, reserved 1048576K

Deoptimization events (10 events):
Event: 17,047 Thread 0x00007f6dcc00d000 Uncommon trap: reason=unstable_if action=reinterpret pc=0x00007f6dfd3509f0 method=sun.net.www.ParseUtil.encodePath(Ljava/lang/String;Z)Ljava/lang/String; @ 109
Event: 17,341 Thread 0x00007f6dcc00d000 Uncommon trap: reason=class_check action=maybe_recompile pc=0x00007f6dfd36896c method=sun.misc.URLClassPath.getLoader(I)Lsun/misc/URLClassPath$Loader; @ 193
Event: 17,349 Thread 0x00007f6dcc00d000 Uncommon trap: reason=class_check action=maybe_recompile pc=0x00007f6dfd36896c method=sun.misc.URLClassPath.getLoader(I)Lsun/misc/URLClassPath$Loader; @ 193
Event: 18,250 Thread 0x00007f6dcc00d000 Uncommon trap: reason=class_check action=maybe_recompile pc=0x00007f6dfd36896c method=sun.misc.URLClassPath.getLoader(I)Lsun/misc/URLClassPath$Loader; @ 193
Event: 28,186 Thread 0x00007f6dcc00d000 Uncommon trap: reason=unstable_if action=reinterpret pc=0x00007f6dfd1590ec method=java.net.URI.match(CJJ)Z @ 45
Event: 29,383 Thread 0x00007f6dcc00d000 Uncommon trap: reason=class_check action=maybe_recompile pc=0x00007f6dfd6048dc method=java.util.regex.Pattern$Branch.match(Ljava/util/regex/Matcher;ILjava/lang/CharSequence;)Z @ 50
Event: 29,799 Thread 0x00007f6dcc00d000 Uncommon trap: reason=unstable_if action=reinterpret pc=0x00007f6dfd850780 method=java.net.URLClassLoader.isSealed(Ljava/lang/String;Ljava/util/jar/Manifest;)Z @ 26
Event: 30,463 Thread 0x00007f6dcc00d000 Uncommon trap: reason=class_check action=maybe_recompile pc=0x00007f6dfd6048dc method=java.util.regex.Pattern$Branch.match(Ljava/util/regex/Matcher;ILjava/lang/CharSequence;)Z @ 50
Event: 30,488 Thread 0x00007f6dcc00d000 Uncommon trap: reason=class_check action=maybe_recompile pc=0x00007f6dfd6048dc method=java.util.regex.Pattern$Branch.match(Ljava/util/regex/Matcher;ILjava/lang/CharSequence;)Z @ 50
Event: 30,522 Thread 0x00007f6dcc00d000 Uncommon trap: reason=class_check action=maybe_recompile pc=0x00007f6dfd6048dc method=java.util.regex.Pattern$Branch.match(Ljava/util/regex/Matcher;ILjava/lang/CharSequence;)Z @ 50

Internal exceptions (10 events):
Event: 32,517 Thread 0x00007f6dcc00d000 Exception <a 'java/lang/ClassNotFoundException': build_1243a707ae4grgrt0xq9ixpi8BeanInfo> (0x00000000f1cf1a98) thrown at [/HUDSON/workspace/8-2-build-linux-amd64/jdk8u77/6540/hotspot/src/share/vm/classfile/systemDictionary.cpp, line 210]
Event: 32,517 Thread 0x00007f6dcc00d000 Exception <a 'java/lang/ClassNotFoundException': build_1243a707ae4grgrt0xq9ixpi8Customizer> (0x00000000f1cfd120) thrown at [/HUDSON/workspace/8-2-build-linux-amd64/jdk8u77/6540/hotspot/src/share/vm/classfile/systemDictionary.cpp, line 210]
Event: 36,866 Thread 0x00007f6dcc00d000 Exception <a 'java/lang/ClassNotFoundException': build_1lrfve6e4549j2ng05sqq03ziBeanInfo> (0x00000000ed13faa0) thrown at [/HUDSON/workspace/8-2-build-linux-amd64/jdk8u77/6540/hotspot/src/share/vm/classfile/systemDictionary.cpp, line 210]
Event: 36,866 Thread 0x00007f6dcc00d000 Exception <a 'java/lang/ClassNotFoundException': build_1lrfve6e4549j2ng05sqq03ziCustomizer> (0x00000000ed148f18) thrown at [/HUDSON/workspace/8-2-build-linux-amd64/jdk8u77/6540/hotspot/src/share/vm/classfile/systemDictionary.cpp, line 210]
Event: 37,718 Thread 0x00007f6dcc00d000 Exception <a 'java/security/PrivilegedActionException'> (0x00000000edbdc870) thrown at [/HUDSON/workspace/8-2-build-linux-amd64/jdk8u77/6540/hotspot/src/share/vm/prims/jvm.cpp, line 1386]
Event: 37,718 Thread 0x00007f6dcc00d000 Exception <a 'java/security/PrivilegedActionException'> (0x00000000edbdd038) thrown at [/HUDSON/workspace/8-2-build-linux-amd64/jdk8u77/6540/hotspot/src/share/vm/prims/jvm.cpp, line 1386]
Event: 37,760 Thread 0x00007f6dcc00d000 Exception <a 'java/security/PrivilegedActionException'> (0x00000000edcce510) thrown at [/HUDSON/workspace/8-2-build-linux-amd64/jdk8u77/6540/hotspot/src/share/vm/prims/jvm.cpp, line 1386]
Event: 37,761 Thread 0x00007f6dcc00d000 Exception <a 'java/security/PrivilegedActionException'> (0x00000000edccecd8) thrown at [/HUDSON/workspace/8-2-build-linux-amd64/jdk8u77/6540/hotspot/src/share/vm/prims/jvm.cpp, line 1386]
Event: 37,761 Thread 0x00007f6dcc00d000 Exception <a 'java/security/PrivilegedActionException'> (0x00000000edcd0928) thrown at [/HUDSON/workspace/8-2-build-linux-amd64/jdk8u77/6540/hotspot/src/share/vm/prims/jvm.cpp, line 1386]
Event: 37,761 Thread 0x00007f6dcc00d000 Exception <a 'java/security/PrivilegedActionException'> (0x00000000edcd10f0) thrown at [/HUDSON/workspace/8-2-build-linux-amd64/jdk8u77/6540/hotspot/src/share/vm/prims/jvm.cpp, line 1386]

Events (10 events):
Event: 37,649 Thread 0x00007f6dcc00d000 DEOPT UNPACKING pc=0x00007f6dfd047233 sp=0x00007f6df49595b8 mode 0
Event: 38,023 Thread 0x00007f6dcc00d000 DEOPT PACKING pc=0x00007f6dfd60dcd7 sp=0x00007f6df4958100
Event: 38,023 Thread 0x00007f6dcc00d000 DEOPT UNPACKING pc=0x00007f6dfd047233 sp=0x00007f6df4957ea8 mode 0
Event: 38,230 Thread 0x00007f6dcc00d000 DEOPT PACKING pc=0x00007f6dfd60dcc0 sp=0x00007f6df4958ae0
Event: 38,241 Thread 0x00007f6dcc00d000 DEOPT UNPACKING pc=0x00007f6dfd047233 sp=0x00007f6df4958888 mode 0
Event: 39,680 Thread 0x00007f6dcc00d000 DEOPT PACKING pc=0x00007f6dfd60dcc0 sp=0x00007f6df4958100
Event: 39,694 Thread 0x00007f6dcc00d000 DEOPT UNPACKING pc=0x00007f6dfd047233 sp=0x00007f6df4957ea8 mode 0
Event: 39,819 Thread 0x00007f6dcc00d000 DEOPT PACKING pc=0x00007f6dfd60dcc0 sp=0x00007f6df4958ae0
Event: 39,826 Thread 0x00007f6dcc00d000 DEOPT UNPACKING pc=0x00007f6dfd047233 sp=0x00007f6df4958888 mode 0
Event: 39,968 Executing VM operation: ParallelGCFailedAllocation


Dynamic libraries:
00400000-00401000 r-xp 00000000 08:01 5385431                            /usr/lib/jvm/java-8-oracle/bin/java
00600000-00601000 rw-p 00000000 08:01 5385431                            /usr/lib/jvm/java-8-oracle/bin/java
01321000-01d90000 rw-p 00000000 00:00 0                                  [heap]
c0000000-c2000000 rw-p 00000000 00:00 0 
c2000000-eab00000 ---p 00000000 00:00 0 
eab00000-f6000000 rw-p 00000000 00:00 0 
f9b00000-100000000 ---p 00000000 00:00 0 
100000000-100420000 rw-p 00000000 00:00 0 
100420000-140000000 ---p 00000000 00:00 0 
7f6dbf3a0000-7f6dbf4e0000 rw-p 00000000 00:00 0 
7f6dbf4e0000-7f6dbf5a0000 ---p 00000000 00:00 0 
7f6dbf5a0000-7f6dbf7a0000 rw-p 00000000 00:00 0 
7f6dbf7a0000-7f6dbf9a0000 rw-p 00000000 00:00 0 
7f6dbf9a0000-7f6dbfba0000 rw-p 00000000 00:00 0 
7f6dbfbcd000-7f6dbfbd5000 r--s 000a8000 08:01 1049444                    /home/arty/.gradle/caches/modules-2/files-2.1/com.android.tools.external.lombok/lombok-ast/0.2.3/528b6f8bde3157f17530aa366631f2aad2a6cf9/lombok-ast-0.2.3.jar
7f6dbfbd5000-7f6dbfc00000 r--s 001f9000 08:01 1049437                    /home/arty/.gradle/caches/modules-2/files-2.1/com.google.guava/guava/17.0/9c6ef172e8de35fd8d4d8783e4821e57cdef7445/guava-17.0.jar
7f6dbfc00000-7f6dbfe00000 rw-p 00000000 00:00 0 
7f6dbfe00000-7f6dc0000000 rw-p 00000000 00:00 0 
7f6dc0000000-7f6dc0021000 rw-p 00000000 00:00 0 
7f6dc0021000-7f6dc4000000 ---p 00000000 00:00 0 
7f6dc4000000-7f6dc4021000 rw-p 00000000 00:00 0 
7f6dc4021000-7f6dc8000000 ---p 00000000 00:00 0 
7f6dc8000000-7f6dc8044000 rw-p 00000000 00:00 0 
7f6dc8044000-7f6dcc000000 ---p 00000000 00:00 0 
7f6dcc000000-7f6dcc021000 rw-p 00000000 00:00 0 
7f6dcc021000-7f6dd0000000 ---p 00000000 00:00 0 
7f6dd0000000-7f6dd0021000 rw-p 00000000 00:00 0 
7f6dd0021000-7f6dd4000000 ---p 00000000 00:00 0 
7f6dd4000000-7f6dd4021000 rw-p 00000000 00:00 0 
7f6dd4021000-7f6dd8000000 ---p 00000000 00:00 0 
7f6dd8000000-7f6dda25a000 rw-p 00000000 00:00 0 
7f6dda25a000-7f6ddc000000 ---p 00000000 00:00 0 
7f6ddc000000-7f6ddcae6000 rw-p 00000000 00:00 0 
7f6ddcae6000-7f6de0000000 ---p 00000000 00:00 0 
7f6de0000000-7f6de0021000 rw-p 00000000 00:00 0 
7f6de0021000-7f6de4000000 ---p 00000000 00:00 0 
7f6de4000000-7f6de4021000 rw-p 00000000 00:00 0 
7f6de4021000-7f6de8000000 ---p 00000000 00:00 0 
7f6de8000000-7f6de828c000 rw-p 00000000 00:00 0 
7f6de828c000-7f6dec000000 ---p 00000000 00:00 0 
7f6dec000000-7f6dec021000 rw-p 00000000 00:00 0 
7f6dec021000-7f6df0000000 ---p 00000000 00:00 0 
7f6df0000000-7f6df002b000 rw-p 00000000 00:00 0 
7f6df002b000-7f6df4000000 ---p 00000000 00:00 0 
7f6df4003000-7f6df4004000 rw-p 00000000 00:00 0 
7f6df4004000-7f6df4006000 r--s 00018000 08:01 1049448                    /home/arty/.gradle/caches/modules-2/files-2.1/me.tatarka/gradle-retrolambda/3.2.5/9cc0d941cdd50a4ba6903df4de8ac13d46fb5134/gradle-retrolambda-3.2.5.jar
7f6df4006000-7f6df4007000 r--s 00004000 08:01 1049447                    /home/arty/.gradle/caches/modules-2/files-2.1/com.neenbedankt.gradle.plugins/android-apt/1.8/d3c508f0ea2b2bb93c2816a83351090dd662eaac/android-apt-1.8.jar
7f6df4007000-7f6df4009000 r--s 0000d000 08:01 1049443                    /home/arty/.gradle/caches/modules-2/files-2.1/commons-codec/commons-codec/1.4/4216af16d38465bbab0f3dff8efa14204f7a399a/commons-codec-1.4.jar
7f6df4009000-7f6df400b000 r--s 0000d000 08:01 1049442                    /home/arty/.gradle/caches/modules-2/files-2.1/commons-logging/commons-logging/1.1.1/5043bfebc3db072ed80fbd362e7caf00e885d8ae/commons-logging-1.1.1.jar
7f6df400b000-7f6df4010000 r--s 00028000 08:01 1049441                    /home/arty/.gradle/caches/modules-2/files-2.1/org.apache.httpcomponents/httpcore/4.1/33fc26c02f8043ab0ede19eadc8c9885386b255c/httpcore-4.1.jar
7f6df4010000-7f6df4011000 r--s 00004000 08:01 1049440                    /home/arty/.gradle/caches/modules-2/files-2.1/org.ow2.asm/asm-analysis/5.0.3/c7126aded0e8e13fed5f913559a0dd7b770a10f3/asm-analysis-5.0.3.jar
7f6df4011000-7f6df4014000 r--s 0002b000 08:01 1049439                    /home/arty/.gradle/caches/modules-2/files-2.1/com.android.tools.lint/lint-api/24.2.3/c3648cf4ae2ff004360e31ed177271d88ecd093a/lint-api-24.2.3.jar
7f6df4014000-7f6df4015000 r--s 0000a000 08:01 1049438                    /home/arty/.gradle/caches/modules-2/files-2.1/net.sf.kxml/kxml2/2.3.0/ccbc77a5fd907ef863c29f3596c6f54ffa4e9442/kxml2-2.3.0.jar
7f6df4015000-7f6df4017000 r--s 00005000 08:01 1049436                    /home/arty/.gradle/caches/modules-2/files-2.1/org.apache.httpcomponents/httpmime/4.1/9ba2dcdf94ce35c8a8e9bff242db0618ca932e92/httpmime-4.1.jar
7f6df4017000-7f6df401f000 r--s 0004e000 08:01 1049435                    /home/arty/.gradle/caches/modules-2/files-2.1/org.apache.httpcomponents/httpclient/4.1.1/3d1d918f32709e33ba7ddb2c4e8d1c543ebe713e/httpclient-4.1.1.jar
7f6df401f000-7f6df4026000 r--s 00053000 08:01 1049434                    /home/arty/.gradle/caches/modules-2/files-2.1/org.apache.commons/commons-compress/1.8.1/a698750c16740fd5b3871425f4cb3bbaa87f529d/commons-compress-1.8.1.jar
7f6df4026000-7f6df4027000 r--s 00005000 08:01 1049433                    /home/arty/.gradle/caches/modules-2/files-2.1/com.android.tools/dvlib/24.2.3/14e95bd58c53762138210f48eeb5d670e11ccdba/dvlib-24.2.3.jar
7f6df4027000-7f6df402a000 r--s 00012000 08:01 1049432                    /home/arty/.gradle/caches/modules-2/files-2.1/com.android.tools.layoutlib/layoutlib-api/24.2.3/267861b0cc93c5c9cf85d901e9e1e975ae109fd/layoutlib-api-24.2.3.jar
7f6df402a000-7f6df402b000 r--s 00001000 08:01 1049431                    /home/arty/.gradle/caches/modules-2/files-2.1/com.android.tools/annotations/24.2.3/5cfce42220293835e7988ceefd9b0f4e9f284791/annotations-24.2.3.jar
7f6df402b000-7f6df403b000 r--s 000d3000 08:01 1049430                    /home/arty/.gradle/caches/modules-2/files-2.1/net.sf.proguard/proguard-base/5.1/dc606dd778fe4685be16d5a171782ccfe0ef5637/proguard-base-5.1.jar
7f6df403b000-7f6df404d000 r--s 00220000 08:01 1049429                    /home/arty/.gradle/caches/modules-2/files-2.1/org.eclipse.jdt.core.compiler/ecj/4.4/fe0a961ce7cca03dd3c9b3775c0133229e8231a6/ecj-4.4.jar
7f6df404d000-7f6df4053000 r--s 00093000 08:01 1049428                    /home/arty/.gradle/caches/modules-2/files-2.1/com.android.tools.lint/lint-checks/24.2.3/59fb927f5817e16796297140add6c879ee752f37/lint-checks-24.2.3.jar
7f6df4053000-7f6df4058000 r--s 0002a000 08:01 1049427                    /home/arty/.gradle/caches/modules-2/files-2.1/com.google.code.gson/gson/2.2.4/a60a5e993c98c864010053cb901b7eab25306568/gson-2.2.4.jar
7f6df4058000-7f6df405a000 r--s 00006000 08:01 1049426                    /home/arty/.gradle/caches/modules-2/files-2.1/org.ow2.asm/asm-tree/5.0.3/287749b48ba7162fb67c93a026d690b29f410bed/asm-tree-5.0.3.jar
7f6df405a000-7f6df405b000 r--s 0000c000 08:01 1049425                    /home/arty/.gradle/caches/modules-2/files-2.1/org.ow2.asm/asm/5.0.3/dcc2193db20e19e1feca8b1240dbbc4e190824fa/asm-5.0.3.jar
7f6df405b000-7f6df408e000 r--s 00203000 08:01 1049424                    /home/arty/.gradle/caches/modules-2/files-2.1/org.bouncycastle/bcprov-jdk15on/1.48/960dea7c9181ba0b17e8bab0c06a43f0a5f04e65/bcprov-jdk15on-1.48.jar
7f6df408e000-7f6df409c000 r--s 00081000 08:01 1049423                    /home/arty/.gradle/caches/modules-2/files-2.1/org.bouncycastle/bcpkix-jdk15on/1.48/28b7614b908a47844bb27e3c94b45b6893656265/bcpkix-jdk15on-1.48.jar
7f6df409c000-7f6df409e000 r--s 00002000 08:01 1049422                    /home/arty/.gradle/caches/modules-2/files-2.1/com.squareup/javawriter/2.5.0/81241ff7078ef14f42ea2a8995fa09c096256e6b/javawriter-2.5.0.jar
7f6df409e000-7f6df40a3000 r--s 00042000 08:01 1049421                    /home/arty/.gradle/caches/modules-2/files-2.1/com.android.tools.ddms/ddmlib/24.2.3/72e612ad93e7b12d8f71c584f1f65a81e864e4de/ddmlib-24.2.3.jar
7f6df40a3000-7f6df40a7000 r--s 00029000 08:01 1049420                    /home/arty/.gradle/caches/modules-2/files-2.1/com.android.tools.build/manifest-merger/24.2.3/ac192088836974da767392eadc3beb16d37b65b3/manifest-merger-24.2.3.jar
7f6df40a7000-7f6df40a9000 r--s 00012000 08:01 1049419                    /home/arty/.gradle/caches/modules-2/files-2.1/com.android.tools/common/24.2.3/1bcbdeecd08852eba2954b8376ef8cbf7704b39b/common-24.2.3.jar
7f6df40a9000-7f6df40af000 r--s 0005f000 08:01 1049418                    /home/arty/.gradle/caches/modules-2/files-2.1/com.android.tools/sdk-common/24.2.3/c59b15bdc3aaf46b13491827d8a6abaa6d5213b3/sdk-common-24.2.3.jar
7f6df40af000-7f6df40b9000 r--s 000a9000 08:01 1049417                    /home/arty/.gradle/caches/modules-2/files-2.1/com.android.tools/sdklib/24.2.3/2e1b33d6544db11d30fa0037ee6751675ae42329/sdklib-24.2.3.jar
7f6df40b9000-7f6df40ba000 r--s 00002000 08:01 1049416                    /home/arty/.gradle/caches/modules-2/files-2.1/com.android.tools.build/builder-test-api/1.2.3/821301502b154d3a66d93b72bcb9ffeba4487acd/builder-test-api-1.2.3.jar
7f6df40ba000-7f6df40bc000 r--s 00004000 08:01 1049415                    /home/arty/.gradle/caches/modules-2/files-2.1/com.android.tools.build/builder-model/1.2.3/31a6a8af1d5a4f528a5d0fa567fcd8234d100bd1/builder-model-1.2.3.jar
7f6df40bc000-7f6df40bd000 r--s 00002000 08:01 1049414                    /home/arty/.gradle/caches/modules-2/files-2.1/net.sf.proguard/proguard-gradle/5.1/672d43cbfde4765080e5bea19c51a2cc45dfc00/proguard-gradle-5.1.jar
7f6df40bd000-7f6df40bf000 r--s 0001a000 08:01 1049413                    /home/arty/.gradle/caches/modules-2/files-2.1/com.android.tools.lint/lint/24.2.3/3b2976b2b1b2e8cb13cb2224da81f624081db38a/lint-24.2.3.jar
7f6df40bf000-7f6df40c4000 r--s 00039000 08:01 1049412                    /home/arty/.gradle/caches/modules-2/files-2.1/com.android.tools.build/builder/1.2.3/4530e2d560877a7a514b63500e7263c973ee2413/builder-1.2.3.jar
7f6df40c4000-7f6df40d7000 r--s 0015d000 08:01 1049411                    /home/arty/.gradle/caches/modules-2/files-2.1/com.android.tools.build/gradle-core/1.2.3/4a448f6ea508a2b547a3fea4033d2b68d287a188/gradle-core-1.2.3.jar
7f6df40d7000-7f6df40d9000 r--s 0000c000 08:01 1049410                    /home/arty/.gradle/caches/modules-2/files-2.1/com.android.tools.build/gradle/1.2.3/2fc5a2f1ac2e86c5c4bb57241330198b2355e621/gradle-1.2.3.jar
7f6df40d9000-7f6df4101000 r--s 001cf000 08:01 4326251                    /opt/idea/plugins/gradle/lib/guava-jdk5-17.0.jar
7f6df4101000-7f6df4105000 r--s 00077000 08:01 4326248                    /opt/idea/plugins/gradle/lib/gradle-tooling-extension-impl.jar
7f6df4105000-7f6df4106000 r--s 00002000 08:01 4196207                    /opt/idea/lib/external-system-rt.jar
7f6df4106000-7f6df4108000 r--s 0000b000 08:01 4326247                    /opt/idea/plugins/gradle/lib/gradle-tooling-extension-api.jar
7f6df4108000-7f6df410d000 r--s 00034000 08:01 4196942                    /opt/idea/lib/gson-2.5.jar
7f6df410d000-7f6df417d000 r--s 00643000 08:01 4196941                    /opt/idea/lib/groovy-all-2.4.6.jar
7f6df417d000-7f6df4180000 ---p 00000000 00:00 0 
7f6df4180000-7f6df41b6000 rw-p 00000000 00:00 0                          [stack:13774]
7f6df41b6000-7f6df41b7000 r--p 00000000 00:00 0 
7f6df41b7000-7f6df41b9000 r--s 00005000 08:01 5252101                    /home/arty/.gradle/caches/jars-1/nbo60g34apaec1q8xggue4jcl8ramo6/builder-model-1.5.0-beta2.jar
7f6df41b9000-7f6df41e1000 r--s 001cf000 08:01 4720054                    /home/arty/.gradle/caches/jars-1/87eo0lrvp84r6dbxjq018wy66es2era/guava-jdk5-17.0.jar
7f6df41e1000-7f6df41e4000 ---p 00000000 00:00 0 
7f6df41e4000-7f6df44e2000 rw-p 00000000 00:00 0                          [stack:13771]
7f6df44e2000-7f6df46e2000 rw-p 00000000 00:00 0 
7f6df46e2000-7f6df475b000 r--s 010e3000 08:01 5513244                    /usr/lib/jvm/java-8-oracle/lib/tools.jar
7f6df475b000-7f6df475e000 ---p 00000000 00:00 0 
7f6df475e000-7f6df485c000 rw-p 00000000 00:00 0                          [stack:13770]
7f6df485c000-7f6df485f000 ---p 00000000 00:00 0 
7f6df485f000-7f6df495d000 rw-p 00000000 00:00 0                          [stack:13767]
7f6df495d000-7f6df4960000 ---p 00000000 00:00 0 
7f6df4960000-7f6df4c5e000 rw-p 00000000 00:00 0                          [stack:13766]
7f6df4c5e000-7f6df4c61000 ---p 00000000 00:00 0 
7f6df4c61000-7f6df4d5f000 rw-p 00000000 00:00 0                          [stack:13764]
7f6df4d5f000-7f6df4d62000 ---p 00000000 00:00 0 
7f6df4d62000-7f6df4e60000 rw-p 00000000 00:00 0                          [stack:13763]
7f6df4e60000-7f6df4e63000 ---p 00000000 00:00 0 
7f6df4e63000-7f6df4f61000 rw-p 00000000 00:00 0                          [stack:13762]
7f6df4f61000-7f6df4f72000 r-xp 00000000 08:01 7602355                    /usr/lib/jvm/java-8-oracle/jre/lib/amd64/libnio.so
7f6df4f72000-7f6df5171000 ---p 00011000 08:01 7602355                    /usr/lib/jvm/java-8-oracle/jre/lib/amd64/libnio.so
7f6df5171000-7f6df5172000 rw-p 00010000 08:01 7602355                    /usr/lib/jvm/java-8-oracle/jre/lib/amd64/libnio.so
7f6df5172000-7f6df5473000 rw-p 00000000 00:00 0 
7f6df5473000-7f6df5489000 r-xp 00000000 08:01 7602352                    /usr/lib/jvm/java-8-oracle/jre/lib/amd64/libnet.so
7f6df5489000-7f6df5689000 ---p 00016000 08:01 7602352                    /usr/lib/jvm/java-8-oracle/jre/lib/amd64/libnet.so
7f6df5689000-7f6df568a000 rw-p 00016000 08:01 7602352                    /usr/lib/jvm/java-8-oracle/jre/lib/amd64/libnet.so
7f6df568a000-7f6df56a0000 r-xp 00000000 08:01 5771029                    /lib/x86_64-linux-gnu/libgcc_s.so.1
7f6df56a0000-7f6df589f000 ---p 00016000 08:01 5771029                    /lib/x86_64-linux-gnu/libgcc_s.so.1
7f6df589f000-7f6df58a0000 rw-p 00015000 08:01 5771029                    /lib/x86_64-linux-gnu/libgcc_s.so.1
7f6df58a0000-7f6df5990000 r-xp 00000000 08:01 5383152                    /usr/lib/x86_64-linux-gnu/libstdc++.so.6.0.20
7f6df5990000-7f6df5b90000 ---p 000f0000 08:01 5383152                    /usr/lib/x86_64-linux-gnu/libstdc++.so.6.0.20
7f6df5b90000-7f6df5b98000 r--p 000f0000 08:01 5383152                    /usr/lib/x86_64-linux-gnu/libstdc++.so.6.0.20
7f6df5b98000-7f6df5b9a000 rw-p 000f8000 08:01 5383152                    /usr/lib/x86_64-linux-gnu/libstdc++.so.6.0.20
7f6df5b9a000-7f6df5baf000 rw-p 00000000 00:00 0 
7f6df5baf000-7f6df5bb0000 r--s 00002000 08:01 6309347                    /home/arty/.gradle/caches/jars-1/3zpkdeg5xh0wa4nmilihi7d6mf4vry1/external-system-rt.jar
7f6df5bb0000-7f6df5bb2000 r--s 0000b000 08:01 6166416                    /home/arty/.gradle/caches/jars-1/39esl597j077on3ve87yjloc7yzmoof/gradle-tooling-extension-api.jar
7f6df5bb2000-7f6df5bb8000 r--s 00032000 08:01 4720056                    /home/arty/.gradle/caches/jars-1/qnzxbso6av3vjofu51s4xcmylb2a59x/gradle-base-services-2.9.jar
7f6df5bb8000-7f6df5bc4000 r--s 0003a000 08:01 4720052                    /home/arty/.gradle/caches/jars-1/k3me4f65by3x7dgtml1svuz7z0bns4/gradle-tooling-api-2.9.jar
7f6df5bc4000-7f6df5bcb000 r--s 00000000 08:01 5509573                    /usr/lib/x86_64-linux-gnu/gconv/gconv-modules.cache
7f6df5bcb000-7f6df5bcf000 r-xp 00000000 08:01 1048845                    /tmp/native-platform8694872055032729132dir/libnative-platform.so
7f6df5bcf000-7f6df5dce000 ---p 00004000 08:01 1048845                    /tmp/native-platform8694872055032729132dir/libnative-platform.so
7f6df5dce000-7f6df5dcf000 rw-p 00003000 08:01 1048845                    /tmp/native-platform8694872055032729132dir/libnative-platform.so
7f6df5dcf000-7f6df5dd3000 r--s 00097000 08:01 6823885                    /usr/lib/jvm/java-8-oracle/jre/lib/jsse.jar
7f6df5dd3000-7f6df5dd4000 r--s 00001000 08:01 6309406                    /home/arty/.gradle/wrapper/dists/gradle-2.2.1-all/c64ydeuardnfqctvr1gm30w53/gradle-2.2.1/lib/plugins/gradle-plugin-development-2.2.1.jar
7f6df5dd4000-7f6df5dd6000 r--s 00002000 08:01 6309405                    /home/arty/.gradle/wrapper/dists/gradle-2.2.1-all/c64ydeuardnfqctvr1gm30w53/gradle-2.2.1/lib/plugins/gradle-cunit-2.2.1.jar
7f6df5dd6000-7f6df5ddb000 r--s 00036000 08:01 6309404                    /home/arty/.gradle/wrapper/dists/gradle-2.2.1-all/c64ydeuardnfqctvr1gm30w53/gradle-2.2.1/lib/plugins/gradle-ide-native-2.2.1.jar
7f6df5ddb000-7f6df5de0000 r--s 00013000 08:01 6309403                    /home/arty/.gradle/wrapper/dists/gradle-2.2.1-all/c64ydeuardnfqctvr1gm30w53/gradle-2.2.1/lib/plugins/gradle-language-native-2.2.1.jar
7f6df5de0000-7f6df5deb000 r--s 0004d000 08:01 6309402                    /home/arty/.gradle/wrapper/dists/gradle-2.2.1-all/c64ydeuardnfqctvr1gm30w53/gradle-2.2.1/lib/plugins/gradle-platform-native-2.2.1.jar
7f6df5deb000-7f6df5ded000 r--s 00008000 08:01 6309401                    /home/arty/.gradle/wrapper/dists/gradle-2.2.1-all/c64ydeuardnfqctvr1gm30w53/gradle-2.2.1/lib/plugins/gradle-language-groovy-2.2.1.jar
7f6df5ded000-7f6df5df2000 r--s 00022000 08:01 6309400                    /home/arty/.gradle/wrapper/dists/gradle-2.2.1-all/c64ydeuardnfqctvr1gm30w53/gradle-2.2.1/lib/plugins/gradle-language-java-2.2.1.jar
7f6df5df2000-7f6df5df5000 r--s 00007000 08:01 6309399                    /home/arty/.gradle/wrapper/dists/gradle-2.2.1-all/c64ydeuardnfqctvr1gm30w53/gradle-2.2.1/lib/plugins/gradle-language-jvm-2.2.1.jar
7f6df5df5000-7f6df5df8000 r--s 00009000 08:01 6309398                    /home/arty/.gradle/wrapper/dists/gradle-2.2.1-all/c64ydeuardnfqctvr1gm30w53/gradle-2.2.1/lib/plugins/gradle-platform-jvm-2.2.1.jar
7f6df5df8000-7f6df5dfd000 r--s 00018000 08:01 6309397                    /home/arty/.gradle/wrapper/dists/gradle-2.2.1-all/c64ydeuardnfqctvr1gm30w53/gradle-2.2.1/lib/plugins/gradle-platform-base-2.2.1.jar
7f6df5dfd000-7f6df5e02000 r--s 00026000 08:01 6309396                    /home/arty/.gradle/wrapper/dists/gradle-2.2.1-all/c64ydeuardnfqctvr1gm30w53/gradle-2.2.1/lib/plugins/gradle-build-init-2.2.1.jar
7f6df5e02000-7f6df5e05000 r--s 0001d000 08:01 6309395                    /home/arty/.gradle/wrapper/dists/gradle-2.2.1-all/c64ydeuardnfqctvr1gm30w53/gradle-2.2.1/lib/plugins/gradle-jacoco-2.2.1.jar
7f6df5e05000-7f6df5e08000 r--s 0000d000 08:01 6309394                    /home/arty/.gradle/wrapper/dists/gradle-2.2.1-all/c64ydeuardnfqctvr1gm30w53/gradle-2.2.1/lib/plugins/gradle-ivy-2.2.1.jar
7f6df5e08000-7f6df5e0a000 r--s 00002000 08:01 6309393                    /home/arty/.gradle/wrapper/dists/gradle-2.2.1-all/c64ydeuardnfqctvr1gm30w53/gradle-2.2.1/lib/plugins/gradle-publish-2.2.1.jar
7f6df5e0a000-7f6df5e0c000 r--s 00005000 08:01 6309431                    /home/arty/.gradle/wrapper/dists/gradle-2.2.1-all/c64ydeuardnfqctvr1gm30w53/gradle-2.2.1/lib/plugins/jatl-0.2.2.jar
7f6df5e0c000-7f6df5e0e000 r--s 0000f000 08:01 6309392                    /home/arty/.gradle/wrapper/dists/gradle-2.2.1-all/c64ydeuardnfqctvr1gm30w53/gradle-2.2.1/lib/plugins/gradle-reporting-2.2.1.jar
7f6df5e0e000-7f6df5e13000 r--s 00034000 08:01 6309391                    /home/arty/.gradle/wrapper/dists/gradle-2.2.1-all/c64ydeuardnfqctvr1gm30w53/gradle-2.2.1/lib/plugins/gradle-diagnostics-2.2.1.jar
7f6df5e13000-7f6df5e1a000 r--s 00090000 08:01 6309390                    /home/arty/.gradle/wrapper/dists/gradle-2.2.1-all/c64ydeuardnfqctvr1gm30w53/gradle-2.2.1/lib/plugins/gradle-build-comparison-2.2.1.jar
7f6df5e1a000-7f6df5e21000 r--s 00035000 08:01 6309430                    /home/arty/.gradle/wrapper/dists/gradle-2.2.1-all/c64ydeuardnfqctvr1gm30w53/gradle-2.2.1/lib/plugins/simple-4.1.21.jar
7f6df5e21000-7f6df5e2d000 r--s 00100000 08:01 6309428                    /home/arty/.gradle/wrapper/dists/gradle-2.2.1-all/c64ydeuardnfqctvr1gm30w53/gradle-2.2.1/lib/plugins/rhino-1.7R3.jar
7f6df5e2d000-7f6df5e32000 r--s 0001f000 08:01 6309389                    /home/arty/.gradle/wrapper/dists/gradle-2.2.1-all/c64ydeuardnfqctvr1gm30w53/gradle-2.2.1/lib/plugins/gradle-javascript-2.2.1.jar
7f6df5e32000-7f6df5e34000 r--s 0000e000 08:01 6309388                    /home/arty/.gradle/wrapper/dists/gradle-2.2.1-all/c64ydeuardnfqctvr1gm30w53/gradle-2.2.1/lib/plugins/gradle-ear-2.2.1.jar
7f6df5e34000-7f6df5e38000 r--s 00025000 08:01 6309427                    /home/arty/.gradle/wrapper/dists/gradle-2.2.1-all/c64ydeuardnfqctvr1gm30w53/gradle-2.2.1/lib/plugins/bcpg-jdk15-1.46.jar
7f6df5e38000-7f6df5e3b000 r--s 0001d000 08:01 6309387                    /home/arty/.gradle/wrapper/dists/gradle-2.2.1-all/c64ydeuardnfqctvr1gm30w53/gradle-2.2.1/lib/plugins/gradle-signing-2.2.1.jar
7f6df5e3b000-7f6df5e3c000 r--s 00002000 08:01 6309426                    /home/arty/.gradle/wrapper/dists/gradle-2.2.1-all/c64ydeuardnfqctvr1gm30w53/gradle-2.2.1/lib/plugins/sonar-batch-bootstrapper-2.9.jar
7f6df5e3c000-7f6df5e3f000 r--s 00018000 08:01 6309386                    /home/arty/.gradle/wrapper/dists/gradle-2.2.1-all/c64ydeuardnfqctvr1gm30w53/gradle-2.2.1/lib/plugins/gradle-sonar-2.2.1.jar
7f6df5e3f000-7f6df5e42000 r--s 00017000 08:01 6309385                    /home/arty/.gradle/wrapper/dists/gradle-2.2.1-all/c64ydeuardnfqctvr1gm30w53/gradle-2.2.1/lib/plugins/gradle-scala-2.2.1.jar
7f6df5e42000-7f6df5e44000 r--s 0000e000 08:01 6309384                    /home/arty/.gradle/wrapper/dists/gradle-2.2.1-all/c64ydeuardnfqctvr1gm30w53/gradle-2.2.1/lib/plugins/gradle-announce-2.2.1.jar
7f6df5e44000-7f6df5e52000 r--s 000bc000 08:01 6309383                    /home/arty/.gradle/wrapper/dists/gradle-2.2.1-all/c64ydeuardnfqctvr1gm30w53/gradle-2.2.1/lib/plugins/gradle-ide-2.2.1.jar
7f6df5e52000-7f6df5e54000 r--s 00000000 08:01 6309425                    /home/arty/.gradle/wrapper/dists/gradle-2.2.1-all/c64ydeuardnfqctvr1gm30w53/gradle-2.2.1/lib/plugins/plexus-component-annotations-1.5.2.jar
7f6df5e54000-7f6df5e57000 r--s 0000c000 08:01 6309424                    /home/arty/.gradle/wrapper/dists/gradle-2.2.1-all/c64ydeuardnfqctvr1gm30w53/gradle-2.2.1/lib/plugins/pmaven-groovy-0.8-20100325.jar
7f6df5e57000-7f6df5e58000 r--s 00004000 08:01 6309423                    /home/arty/.gradle/wrapper/dists/gradle-2.2.1-all/c64ydeuardnfqctvr1gm30w53/gradle-2.2.1/lib/plugins/pmaven-common-0.8-20100325.jar
7f6df5e58000-7f6df5e5c000 r--s 0001e000 08:01 6309382                    /home/arty/.gradle/wrapper/dists/gradle-2.2.1-all/c64ydeuardnfqctvr1gm30w53/gradle-2.2.1/lib/plugins/gradle-maven-2.2.1.jar
7f6df5e5c000-7f6df5e74000 r--s 0013b000 08:01 6309421                    /home/arty/.gradle/wrapper/dists/gradle-2.2.1-all/c64ydeuardnfqctvr1gm30w53/gradle-2.2.1/lib/plugins/bndlib-2.1.0.jar
7f6df5e74000-7f6df5e76000 r--s 00004000 08:01 6309381                    /home/arty/.gradle/wrapper/dists/gradle-2.2.1-all/c64ydeuardnfqctvr1gm30w53/gradle-2.2.1/lib/plugins/gradle-osgi-2.2.1.jar
7f6df5e76000-7f6df5e7b000 r--s 00068000 08:01 6309420                    /home/arty/.gradle/wrapper/dists/gradle-2.2.1-all/c64ydeuardnfqctvr1gm30w53/gradle-2.2.1/lib/plugins/antlr-2.7.7.jar
7f6df5e7b000-7f6df5e7c000 r--s 00002000 08:01 6309419                    /home/arty/.gradle/wrapper/dists/gradle-2.2.1-all/c64ydeuardnfqctvr1gm30w53/gradle-2.2.1/lib/plugins/ant-antlr-1.9.3.jar
7f6df5e7c000-7f6df5e7e000 r--s 00004000 08:01 6309380                    /home/arty/.gradle/wrapper/dists/gradle-2.2.1-all/c64ydeuardnfqctvr1gm30w53/gradle-2.2.1/lib/plugins/gradle-antlr-2.2.1.jar
7f6df5e7e000-7f6df5e81000 r--s 0001e000 08:01 6309442                    /home/arty/.gradle/wrapper/dists/gradle-2.2.1-all/c64ydeuardnfqctvr1gm30w53/gradle-2.2.1/lib/plugins/jsp-api-2.1-6.1.14.jar
7f6df5e81000-7f6df5ea4000 r--s 00344000 08:01 6309441                    /home/arty/.gradle/wrapper/dists/gradle-2.2.1-all/c64ydeuardnfqctvr1gm30w53/gradle-2.2.1/lib/plugins/core-3.1.1.jar
7f6df5ea4000-7f6df5ea5000 r--s 00006000 08:01 6309440                    /home/arty/.gradle/wrapper/dists/gradle-2.2.1-all/c64ydeuardnfqctvr1gm30w53/gradle-2.2.1/lib/plugins/jetty-naming-6.1.25.jar
7f6df5ea5000-7f6df5ea6000 r--s 00002000 08:01 6309418                    /home/arty/.gradle/wrapper/dists/gradle-2.2.1-all/c64ydeuardnfqctvr1gm30w53/gradle-2.2.1/lib/plugins/geronimo-annotation_1.0_spec-1.0.jar
7f6df5ea6000-7f6df5ea8000 r--s 00002000 08:01 6309417                    /home/arty/.gradle/wrapper/dists/gradle-2.2.1-all/c64ydeuardnfqctvr1gm30w53/gradle-2.2.1/lib/plugins/jetty-annotations-6.1.25.jar
7f6df5ea8000-7f6df5eb9000 r--s 000ea000 08:01 6309416                    /home/arty/.gradle/wrapper/dists/gradle-2.2.1-all/c64ydeuardnfqctvr1gm30w53/gradle-2.2.1/lib/plugins/jsp-2.1-6.1.14.jar
7f6df5eb9000-7f6df5ebb000 r--s 0000d000 08:01 6309415                    /home/arty/.gradle/wrapper/dists/gradle-2.2.1-all/c64ydeuardnfqctvr1gm30w53/gradle-2.2.1/lib/plugins/jetty-plus-6.1.25.jar
7f6df5ebb000-7f6df5ebd000 r--s 0001f000 08:01 6309414                    /home/arty/.gradle/wrapper/dists/gradle-2.2.1-all/c64ydeuardnfqctvr1gm30w53/gradle-2.2.1/lib/plugins/servlet-api-2.5-20081211.jar
7f6df5ebd000-7f6df5ec1000 r--s 00028000 08:01 6309413                    /home/arty/.gradle/wrapper/dists/gradle-2.2.1-all/c64ydeuardnfqctvr1gm30w53/gradle-2.2.1/lib/plugins/jetty-util-6.1.25.jar
7f6df5ec1000-7f6df5ec8000 r--s 0007d000 08:01 6309412                    /home/arty/.gradle/wrapper/dists/gradle-2.2.1-all/c64ydeuardnfqctvr1gm30w53/gradle-2.2.1/lib/plugins/jetty-6.1.25.jar
7f6df5ec8000-7f6df5eca000 r--s 00009000 08:01 6309379                    /home/arty/.gradle/wrapper/dists/gradle-2.2.1-all/c64ydeuardnfqctvr1gm30w53/gradle-2.2.1/lib/plugins/gradle-jetty-2.2.1.jar
7f6df5eca000-7f6df5ecf000 r--s 00041000 08:01 6309378                    /home/arty/.gradle/wrapper/dists/gradle-2.2.1-all/c64ydeuardnfqctvr1gm30w53/gradle-2.2.1/lib/plugins/gradle-code-quality-2.2.1.jar
7f6df5ecf000-7f6df5ed1000 r--s 00009000 08:01 6309450                    /home/arty/.gradle/wrapper/dists/gradle-2.2.1-all/c64ydeuardnfqctvr1gm30w53/gradle-2.2.1/lib/plugins/hamcrest-core-1.3.jar
7f6df5ed1000-7f6df5ed7000 r--s 00033000 08:01 6309439                    /home/arty/.gradle/wrapper/dists/gradle-2.2.1-all/c64ydeuardnfqctvr1gm30w53/gradle-2.2.1/lib/plugins/snakeyaml-1.6.jar
7f6df5ed7000-7f6df5ed9000 r--s 00006000 08:01 6309438                    /home/arty/.gradle/wrapper/dists/gradle-2.2.1-all/c64ydeuardnfqctvr1gm30w53/gradle-2.2.1/lib/plugins/jcommander-1.12.jar
7f6df5ed9000-7f6df5ede000 r--s 00040000 08:01 6309437                    /home/arty/.gradle/wrapper/dists/gradle-2.2.1-all/c64ydeuardnfqctvr1gm30w53/gradle-2.2.1/lib/plugins/bsh-2.0b4.jar
7f6df5ede000-7f6df5ee0000 r--s 00009000 08:01 6309411                    /home/arty/.gradle/wrapper/dists/gradle-2.2.1-all/c64ydeuardnfqctvr1gm30w53/gradle-2.2.1/lib/plugins/commons-cli-1.2.jar
7f6df5ee0000-7f6df5ee9000 r--s 00089000 08:01 6309410                    /home/arty/.gradle/wrapper/dists/gradle-2.2.1-all/c64ydeuardnfqctvr1gm30w53/gradle-2.2.1/lib/plugins/testng-6.3.1.jar
7f6df5ee9000-7f6df5eef000 r--s 00036000 08:01 6309409                    /home/arty/.gradle/wrapper/dists/gradle-2.2.1-all/c64ydeuardnfqctvr1gm30w53/gradle-2.2.1/lib/plugins/junit-4.11.jar
7f6df5eef000-7f6df5efb000 r--s 00075000 08:01 6309377                    /home/arty/.gradle/wrapper/dists/gradle-2.2.1-all/c64ydeuardnfqctvr1gm30w53/gradle-2.2.1/lib/plugins/gradle-plugins-2.2.1.jar
7f6df5efb000-7f6df5efe000 r--s 00011000 08:01 6309407                    /home/arty/.gradle/wrapper/dists/gradle-2.2.1-all/c64ydeuardnfqctvr1gm30w53/gradle-2.2.1/lib/plugins/gradle-plugin-use-2.2.1.jar
7f6df5efe000-7f6df5f16000 r--s 00115000 08:01 6309448                    /home/arty/.gradle/wrapper/dists/gradle-2.2.1-all/c64ydeuardnfqctvr1gm30w53/gradle-2.2.1/lib/plugins/xercesImpl-2.9.1.jar
7f6df5f16000-7f6df5f1e000 r--s 00028000 08:01 6309449                    /home/arty/.gradle/wrapper/dists/gradle-2.2.1-all/c64ydeuardnfqctvr1gm30w53/gradle-2.2.1/lib/plugins/xml-apis-1.3.04.jar
7f6df5f1e000-7f6df5f24000 r--s 0005b000 08:01 6309447                    /home/arty/.gradle/wrapper/dists/gradle-2.2.1-all/c64ydeuardnfqctvr1gm30w53/gradle-2.2.1/lib/plugins/jcifs-1.3.17.jar
7f6df5f24000-7f6df5f2a000 r--s 00031000 08:01 6309446                    /home/arty/.gradle/wrapper/dists/gradle-2.2.1-all/c64ydeuardnfqctvr1gm30w53/gradle-2.2.1/lib/plugins/httpcore-4.2.2.jar
7f6df5f2a000-7f6df5f30000 r--s 00033000 08:01 6309445                    /home/arty/.gradle/wrapper/dists/gradle-2.2.1-all/c64ydeuardnfqctvr1gm30w53/gradle-2.2.1/lib/plugins/commons-codec-1.6.jar
7f6df5f30000-7f6df5f33000 r--s 0001c000 08:01 6309444                    /home/arty/.gradle/wrapper/dists/gradle-2.2.1-all/c64ydeuardnfqctvr1gm30w53/gradle-2.2.1/lib/plugins/nekohtml-1.9.14.jar
7f6df5f33000-7f6df5f3c000 r--s 00060000 08:01 6309443                    /home/arty/.gradle/wrapper/dists/gradle-2.2.1-all/c64ydeuardnfqctvr1gm30w53/gradle-2.2.1/lib/plugins/httpclient-4.2.2.jar
7f6df5f3c000-7f6df5f3e000 r--s 00007000 08:01 6309432                    /home/arty/.gradle/wrapper/dists/gradle-2.2.1-all/c64ydeuardnfqctvr1gm30w53/gradle-2.2.1/lib/plugins/gradle-resources-http-2.2.1.jar
7f6df5f3e000-7f6df5f66000 r--s 00194000 08:01 6309436                    /home/arty/.gradle/wrapper/dists/gradle-2.2.1-all/c64ydeuardnfqctvr1gm30w53/gradle-2.2.1/lib/plugins/bcprov-jdk15-1.46.jar
7f6df5f66000-7f6df5f6a000 r--s 0001d000 08:01 6309435                    /home/arty/.gradle/wrapper/dists/gradle-2.2.1-all/c64ydeuardnfqctvr1gm30w53/gradle-2.2.1/lib/plugins/xbean-reflect-3.4.jar
7f6df5f6a000-7f6df5f6f000 r--s 0002a000 08:01 6309429                    /home/arty/.gradle/wrapper/dists/gradle-2.2.1-all/c64ydeuardnfqctvr1gm30w53/gradle-2.2.1/lib/plugins/gson-2.2.4.jar
7f6df5f6f000-7f6df5f73000 r--s 0003d000 08:01 6309434                    /home/arty/.gradle/wrapper/dists/gradle-2.2.1-all/c64ydeuardnfqctvr1gm30w53/gradle-2.2.1/lib/plugins/jsch-0.1.51.jar
7f6df5f73000-7f6df5f8c000 r--s 00129000 08:01 6309422                    /home/arty/.gradle/wrapper/dists/gradle-2.2.1-all/c64ydeuardnfqctvr1gm30w53/gradle-2.2.1/lib/plugins/maven-ant-tasks-2.1.3.jar
7f6df5f8c000-7f6df5f9b000 r--s 000d9000 08:01 6309433                    /home/arty/.gradle/wrapper/dists/gradle-2.2.1-all/c64ydeuardnfqctvr1gm30w53/gradle-2.2.1/lib/plugins/ivy-2.2.0.jar
7f6df5f9b000-7f6df5f9f000 r--s 0001e000 08:01 6309376                    /home/arty/.gradle/wrapper/dists/gradle-2.2.1-all/c64ydeuardnfqctvr1gm30w53/gradle-2.2.1/lib/plugins/jarjar-aether-impl-1.13.1.jar
7f6df5f9f000-7f6df5fa2000 r--s 00027000 08:01 6309375                    /home/arty/.gradle/wrapper/dists/gradle-2.2.1-all/c64ydeuardnfqctvr1gm30w53/gradle-2.2.1/lib/plugins/jarjar-maven-model-3.0.4.jar
7f6df5fa2000-7f6df5fa5000 r--s 0000b000 08:01 6309374                    /home/arty/.gradle/wrapper/dists/gradle-2.2.1-all/c64ydeuardnfqctvr1gm30w53/gradle-2.2.1/lib/plugins/jarjar-maven-artifact-3.0.4.jar
7f6df5fa5000-7f6df5fa9000 r--s 0001e000 08:01 6309373                    /home/arty/.gradle/wrapper/dists/gradle-2.2.1-all/c64ydeuardnfqctvr1gm30w53/gradle-2.2.1/lib/plugins/jarjar-aether-util-1.13.1.jar
7f6df5fa9000-7f6df5fab000 r--s 00007000 08:01 6309372                    /home/arty/.gradle/wrapper/dists/gradle-2.2.1-all/c64ydeuardnfqctvr1gm30w53/gradle-2.2.1/lib/plugins/jarjar-wagon-http-shared4-2.4.jar
7f6df5fab000-7f6df5fb8000 r--s 00083000 08:01 6309371                    /home/arty/.gradle/wrapper/dists/gradle-2.2.1-all/c64ydeuardnfqctvr1gm30w53/gradle-2.2.1/lib/plugins/jarjar-maven-core-3.0.4.jar
7f6df5fb8000-7f6df5fba000 r--s 00003000 08:01 6309370                    /home/arty/.gradle/wrapper/dists/gradle-2.2.1-all/c64ydeuardnfqctvr1gm30w53/gradle-2.2.1/lib/plugins/jarjar-aether-spi-1.13.1.jar
7f6df5fba000-7f6df5fbc000 r--s 00009000 08:01 6309369                    /home/arty/.gradle/wrapper/dists/gradle-2.2.1-all/c64ydeuardnfqctvr1gm30w53/gradle-2.2.1/lib/plugins/jarjar-maven-settings-builder-3.0.4.jar
7f6df5fbc000-7f6df5fc0000 r--s 00014000 08:01 6309368                    /home/arty/.gradle/wrapper/dists/gradle-2.2.1-all/c64ydeuardnfqctvr1gm30w53/gradle-2.2.1/lib/plugins/jarjar-aether-api-1.13.1.jar
7f6df5fc0000-7f6df5fc1000 r--s 00002000 08:01 6309367                    /home/arty/.gradle/wrapper/dists/gradle-2.2.1-all/c64ydeuardnfqctvr1gm30w53/gradle-2.2.1/lib/plugins/jarjar-wagon-http-2.4.jar
7f6df5fc1000-7f6df5fc8000 r--s 00042000 08:01 6309366                    /home/arty/.gradle/wrapper/dists/gradle-2.2.1-all/c64ydeuardnfqctvr1gm30w53/gradle-2.2.1/lib/plugins/jarjar-maven-compat-3.0.4.jar
7f6df5fc8000-7f6df5fca000 r--s 00006000 08:01 6309365                    /home/arty/.gradle/wrapper/dists/gradle-2.2.1-all/c64ydeuardnfqctvr1gm30w53/gradle-2.2.1/lib/plugins/jarjar-aether-connector-wagon-1.13.1.jar
7f6df5fca000-7f6df5fcc000 r--s 00000000 08:01 6309364                    /home/arty/.gradle/wrapper/dists/gradle-2.2.1-all/c64ydeuardnfqctvr1gm30w53/gradle-2.2.1/lib/plugins/jarjar-plexus-component-annotations-1.5.5.jar
7f6df5fcc000-7f6df5fce000 r--s 00006000 08:01 6309363                    /home/arty/.gradle/wrapper/dists/gradle-2.2.1-all/c64ydeuardnfqctvr1gm30w53/gradle-2.2.1/lib/plugins/jarjar-plexus-sec-dispatcher-1.3.jar
7f6df5fce000-7f6df5fd3000 r--s 00022000 08:01 6309362                    /home/arty/.gradle/wrapper/dists/gradle-2.2.1-all/c64ydeuardnfqctvr1gm30w53/gradle-2.2.1/lib/plugins/jarjar-maven-model-builder-3.0.4.jar
7f6df5fd3000-7f6df5fd5000 r--s 0000b000 08:01 6309361                    /home/arty/.gradle/wrapper/dists/gradle-2.2.1-all/c64ydeuardnfqctvr1gm30w53/gradle-2.2.1/lib/plugins/jarjar-maven-plugin-api-3.0.4.jar
7f6df5fd5000-7f6df5fd8000 r--s 0000a000 08:01 6309360                    /home/arty/.gradle/wrapper/dists/gradle-2.2.1-all/c64ydeuardnfqctvr1gm30w53/gradle-2.2.1/lib/plugins/jarjar-plexus-classworlds-2.4.jar
7f6df5fd8000-7f6df5fdc000 r--s 00035000 08:01 6309359                    /home/arty/.gradle/wrapper/dists/gradle-2.2.1-all/c64ydeuardnfqctvr1gm30w53/gradle-2.2.1/lib/plugins/jarjar-plexus-utils-2.0.6.jar
7f6df5fdc000-7f6df5fde000 r--s 0000e000 08:01 6309358                    /home/arty/.gradle/wrapper/dists/gradle-2.2.1-all/c64ydeuardnfqctvr1gm30w53/gradle-2.2.1/lib/plugins/jarjar-plexus-interpolation-1.14.jar
7f6df5fde000-7f6df5fe0000 r--s 00002000 08:01 6309357                    /home/arty/.gradle/wrapper/dists/gradle-2.2.1-all/c64ydeuardnfqctvr1gm30w53/gradle-2.2.1/lib/plugins/jarjar-plexus-cipher-1.7.jar
7f6df5fe0000-7f6df5fe8000 r--s 00031000 08:01 6309354                    /home/arty/.gradle/wrapper/dists/gradle-2.2.1-all/c64ydeuardnfqctvr1gm30w53/gradle-2.2.1/lib/plugins/jarjar-plexus-container-default-1.5.5.jar
7f6df5fe8000-7f6df6000000 r--s 000b5000 08:01 6309408                    /home/arty/.gradle/wrapper/dists/gradle-2.2.1-all/c64ydeuardnfqctvr1gm30w53/gradle-2.2.1/lib/plugins/gradle-dependency-management-2.2.1.jar
7f6df6000000-7f6df8000000 rw-p 00000000 00:00 0 
7f6df8000000-7f6df8021000 rw-p 00000000 00:00 0 
7f6df8021000-7f6dfc000000 ---p 00000000 00:00 0 
7f6dfc000000-7f6dfc002000 r--s 0000c000 08:01 6309356                    /home/arty/.gradle/wrapper/dists/gradle-2.2.1-all/c64ydeuardnfqctvr1gm30w53/gradle-2.2.1/lib/plugins/jarjar-wagon-provider-api-2.4.jar
7f6dfc002000-7f6dfc004000 r--s 0000d000 08:01 6309355                    /home/arty/.gradle/wrapper/dists/gradle-2.2.1-all/c64ydeuardnfqctvr1gm30w53/gradle-2.2.1/lib/plugins/jarjar-maven-aether-provider-3.0.4.jar
7f6dfc004000-7f6dfc005000 r--s 00007000 08:01 6309353                    /home/arty/.gradle/wrapper/dists/gradle-2.2.1-all/c64ydeuardnfqctvr1gm30w53/gradle-2.2.1/lib/plugins/jarjar-maven-repository-metadata-3.0.4.jar
7f6dfc005000-7f6dfc006000 r--s 0000b000 08:01 6309352                    /home/arty/.gradle/wrapper/dists/gradle-2.2.1-all/c64ydeuardnfqctvr1gm30w53/gradle-2.2.1/lib/plugins/jarjar-maven-settings-3.0.4.jar
7f6dfc006000-7f6dfc007000 r--s 00005000 08:01 6166056                    /home/arty/.gradle/wrapper/dists/gradle-2.2.1-all/c64ydeuardnfqctvr1gm30w53/gradle-2.2.1/lib/gradle-wrapper-2.2.1.jar
7f6dfc007000-7f6dfc010000 r--s 0002c000 08:01 6166061                    /home/arty/.gradle/wrapper/dists/gradle-2.2.1-all/c64ydeuardnfqctvr1gm30w53/gradle-2.2.1/lib/gradle-tooling-api-2.2.1.jar
7f6dfc010000-7f6dfc012000 r--s 00002000 08:01 6166085                    /home/arty/.gradle/wrapper/dists/gradle-2.2.1-all/c64ydeuardnfqctvr1gm30w53/gradle-2.2.1/lib/gradle-open-api-2.2.1.jar
7f6dfc012000-7f6dfc018000 r--s 00032000 08:01 6166087                    /home/arty/.gradle/wrapper/dists/gradle-2.2.1-all/c64ydeuardnfqctvr1gm30w53/gradle-2.2.1/lib/jaxen-1.1.jar
7f6dfc018000-7f6dfc01d000 r--s 00048000 08:01 6166086                    /home/arty/.gradle/wrapper/dists/gradle-2.2.1-all/c64ydeuardnfqctvr1gm30w53/gradle-2.2.1/lib/dom4j-1.6.1.jar
7f6dfc01d000-7f6dfc028000 r--s 00059000 08:01 6166060                    /home/arty/.gradle/wrapper/dists/gradle-2.2.1-all/c64ydeuardnfqctvr1gm30w53/gradle-2.2.1/lib/gradle-ui-2.2.1.jar
7f6dfc028000-7f6dfc02a000 r--s 00006000 08:01 6166081                    /home/arty/.gradle/wrapper/dists/gradle-2.2.1-all/c64ydeuardnfqctvr1gm30w53/gradle-2.2.1/lib/gradle-resources-2.2.1.jar
7f6dfc02a000-7f6dfc02c000 r--s 00007000 08:01 6166103                    /home/arty/.gradle/wrapper/dists/gradle-2.2.1-all/c64ydeuardnfqctvr1gm30w53/gradle-2.2.1/lib/objenesis-1.2.jar
7f6dfc02c000-7f6dfc02e000 r--s 00000000 08:01 6166102                    /home/arty/.gradle/wrapper/dists/gradle-2.2.1-all/c64ydeuardnfqctvr1gm30w53/gradle-2.2.1/lib/minlog-1.2.jar
7f6dfc02e000-7f6dfc030000 r--s 0000f000 08:01 6166101                    /home/arty/.gradle/wrapper/dists/gradle-2.2.1-all/c64ydeuardnfqctvr1gm30w53/gradle-2.2.1/lib/reflectasm-1.07-shaded.jar
7f6dfc030000-7f6dfc034000 r--s 00026000 08:01 6166092                    /home/arty/.gradle/wrapper/dists/gradle-2.2.1-all/c64ydeuardnfqctvr1gm30w53/gradle-2.2.1/lib/kryo-2.20.jar
7f6dfc034000-7f6dfc03d000 r--s 00039000 08:01 6166080                    /home/arty/.gradle/wrapper/dists/gradle-2.2.1-all/c64ydeuardnfqctvr1gm30w53/gradle-2.2.1/lib/gradle-messaging-2.2.1.jar
7f6dfc03d000-7f6dfc03e000 r--s 00003000 08:01 6166100                    /home/arty/.gradle/wrapper/dists/gradle-2.2.1-all/c64ydeuardnfqctvr1gm30w53/gradle-2.2.1/lib/native-platform-freebsd-amd64-0.10.jar
7f6dfc03e000-7f6dfc03f000 r--s 00003000 08:01 6166099                    /home/arty/.gradle/wrapper/dists/gradle-2.2.1-all/c64ydeuardnfqctvr1gm30w53/gradle-2.2.1/lib/native-platform-freebsd-i386-0.10.jar
7f6dfc03f000-7f6dfc040000 r--s 00005000 08:01 6166098                    /home/arty/.gradle/wrapper/dists/gradle-2.2.1-all/c64ydeuardnfqctvr1gm30w53/gradle-2.2.1/lib/native-platform-windows-i386-0.10.jar
7f6dfc040000-7f6dfc041000 r--s 00005000 08:01 6166097                    /home/arty/.gradle/wrapper/dists/gradle-2.2.1-all/c64ydeuardnfqctvr1gm30w53/gradle-2.2.1/lib/native-platform-windows-amd64-0.10.jar
7f6dfc041000-7f6dfc042000 r--s 00003000 08:01 6166096                    /home/arty/.gradle/wrapper/dists/gradle-2.2.1-all/c64ydeuardnfqctvr1gm30w53/gradle-2.2.1/lib/native-platform-linux-i386-0.10.jar
7f6dfc042000-7f6dfc043000 r--s 00003000 08:01 6166095                    /home/arty/.gradle/wrapper/dists/gradle-2.2.1-all/c64ydeuardnfqctvr1gm30w53/gradle-2.2.1/lib/native-platform-linux-amd64-0.10.jar
7f6dfc043000-7f6dfc044000 r--s 00002000 08:01 6166094                    /home/arty/.gradle/wrapper/dists/gradle-2.2.1-all/c64ydeuardnfqctvr1gm30w53/gradle-2.2.1/lib/native-platform-osx-amd64-0.10.jar
7f6dfc044000-7f6dfc045000 r--s 00002000 08:01 6166093                    /home/arty/.gradle/wrapper/dists/gradle-2.2.1-all/c64ydeuardnfqctvr1gm30w53/gradle-2.2.1/lib/native-platform-osx-i386-0.10.jar
7f6dfc045000-7f6dfc047000 r--s 00008000 08:01 6166090                    /home/arty/.gradle/wrapper/dists/gradle-2.2.1-all/c64ydeuardnfqctvr1gm30w53/gradle-2.2.1/lib/jansi-1.2.1.jar
7f6dfc047000-7f6dfc04a000 r--s 0000d000 08:01 6166089                    /home/arty/.gradle/wrapper/dists/gradle-2.2.1-all/c64ydeuardnfqctvr1gm30w53/gradle-2.2.1/lib/native-platform-0.10.jar
7f6dfc04a000-7f6dfc04e000 r--s 000e4000 08:01 6166088                    /home/arty/.gradle/wrapper/dists/gradle-2.2.1-all/c64ydeuardnfqctvr1gm30w53/gradle-2.2.1/lib/jna-3.2.7.jar
7f6dfc04e000-7f6dfc050000 r--s 00008000 08:01 6166062                    /home/arty/.gradle/wrapper/dists/gradle-2.2.1-all/c64ydeuardnfqctvr1gm30w53/gradle-2.2.1/lib/gradle-native-2.2.1.jar
7f6dfc050000-7f6dfc052000 r--s 00005000 08:01 6166059                    /home/arty/.gradle/wrapper/dists/gradle-2.2.1-all/c64ydeuardnfqctvr1gm30w53/gradle-2.2.1/lib/gradle-cli-2.2.1.jar
7f6dfc052000-7f6dfc054000 r--s 00003000 08:01 6166079                    /home/arty/.gradle/wrapper/dists/gradle-2.2.1-all/c64ydeuardnfqctvr1gm30w53/gradle-2.2.1/lib/gradle-base-services-groovy-2.2.1.jar
7f6dfc054000-7f6dfc056000 r--s 0000a000 08:01 6166067                    /home/arty/.gradle/wrapper/dists/gradle-2.2.1-all/c64ydeuardnfqctvr1gm30w53/gradle-2.2.1/lib/gradle-model-groovy-2.2.1.jar
7f6dfc056000-7f6dfc05a000 r--s 0001b000 08:01 6166066                    /home/arty/.gradle/wrapper/dists/gradle-2.2.1-all/c64ydeuardnfqctvr1gm30w53/gradle-2.2.1/lib/gradle-model-core-2.2.1.jar
7f6dfc05a000-7f6dfc05b000 r--s 00000000 08:01 6166082                    /home/arty/.gradle/wrapper/dists/gradle-2.2.1-all/c64ydeuardnfqctvr1gm30w53/gradle-2.2.1/lib/gradle-docs-2.2.1.jar
7f6dfc05b000-7f6dfc05d000 r--s 00003000 08:01 6166084                    /home/arty/.gradle/wrapper/dists/gradle-2.2.1-all/c64ydeuardnfqctvr1gm30w53/gradle-2.2.1/lib/jcl-over-slf4j-1.7.7.jar
7f6dfc05d000-7f6dfc05e000 r--s 00005000 08:01 6166083                    /home/arty/.gradle/wrapper/dists/gradle-2.2.1-all/c64ydeuardnfqctvr1gm30w53/gradle-2.2.1/lib/log4j-over-slf4j-1.7.7.jar
7f6dfc05e000-7f6dfc05f000 r--s 00000000 08:01 6166078                    /home/arty/.gradle/wrapper/dists/gradle-2.2.1-all/c64ydeuardnfqctvr1gm30w53/gradle-2.2.1/lib/javax.inject-1.jar
7f6dfc05f000-7f6dfc062000 r--s 0001b000 08:01 6166077                    /home/arty/.gradle/wrapper/dists/gradle-2.2.1-all/c64ydeuardnfqctvr1gm30w53/gradle-2.2.1/lib/jarjar-1.3.jar
7f6dfc062000-7f6dfc068000 r--s 0003b000 08:01 6166074                    /home/arty/.gradle/wrapper/dists/gradle-2.2.1-all/c64ydeuardnfqctvr1gm30w53/gradle-2.2.1/lib/logback-classic-1.0.13.jar
7f6dfc068000-7f6dfc072000 r--s 0005d000 08:01 6166073                    /home/arty/.gradle/wrapper/dists/gradle-2.2.1-all/c64ydeuardnfqctvr1gm30w53/gradle-2.2.1/lib/logback-core-1.0.13.jar
7f6dfc072000-7f6dfc077000 r--s 00041000 08:01 6166072                    /home/arty/.gradle/wrapper/dists/gradle-2.2.1-all/c64ydeuardnfqctvr1gm30w53/gradle-2.2.1/lib/commons-lang-2.6.jar
7f6dfc077000-7f6dfc085000 r--s 0007f000 08:01 6166070                    /home/arty/.gradle/wrapper/dists/gradle-2.2.1-all/c64ydeuardnfqctvr1gm30w53/gradle-2.2.1/lib/commons-collections-3.2.1.jar
7f6dfc085000-7f6dfc08a000 r--s 00036000 08:01 6166068                    /home/arty/.gradle/wrapper/dists/gradle-2.2.1-all/c64ydeuardnfqctvr1gm30w53/gradle-2.2.1/lib/asm-all-5.0.3.jar
7f6dfc08a000-7f6dfc08b000 ---p 00000000 00:00 0 
7f6dfc08b000-7f6dfc18b000 rw-p 00000000 00:00 0                          [stack:13760]
7f6dfc18b000-7f6dfc18e000 ---p 00000000 00:00 0 
7f6dfc18e000-7f6dfc28c000 rw-p 00000000 00:00 0                          [stack:13759]
7f6dfc28c000-7f6dfc28f000 ---p 00000000 00:00 0 
7f6dfc28f000-7f6dfc38d000 rw-p 00000000 00:00 0                          [stack:13758]
7f6dfc38d000-7f6dfd000000 r--p 00000000 08:01 5379323                    /usr/lib/locale/locale-archive
7f6dfd000000-7f6dfdab0000 rwxp 00000000 00:00 0 
7f6dfdab0000-7f6e0c000000 ---p 00000000 00:00 0 
7f6e0c000000-7f6e0ca18000 rw-p 00000000 00:00 0 
7f6e0ca18000-7f6e10000000 ---p 00000000 00:00 0 
7f6e10000000-7f6e10002000 r--s 00000000 08:01 6166076                    /home/arty/.gradle/wrapper/dists/gradle-2.2.1-all/c64ydeuardnfqctvr1gm30w53/gradle-2.2.1/lib/jul-to-slf4j-1.7.7.jar
7f6e10002000-7f6e1006d000 r--s 00685000 08:01 6166065                    /home/arty/.gradle/wrapper/dists/gradle-2.2.1-all/c64ydeuardnfqctvr1gm30w53/gradle-2.2.1/lib/groovy-all-2.3.6.jar
7f6e1006d000-7f6e10095000 r--s 001cf000 08:01 6166064                    /home/arty/.gradle/wrapper/dists/gradle-2.2.1-all/c64ydeuardnfqctvr1gm30w53/gradle-2.2.1/lib/guava-jdk5-17.0.jar
7f6e10095000-7f6e100b4000 r--s 001cc000 08:01 6166069                    /home/arty/.gradle/wrapper/dists/gradle-2.2.1-all/c64ydeuardnfqctvr1gm30w53/gradle-2.2.1/lib/ant-1.9.3.jar
7f6e100b4000-7f6e100e5000 r--s 00191000 08:01 6166058                    /home/arty/.gradle/wrapper/dists/gradle-2.2.1-all/c64ydeuardnfqctvr1gm30w53/gradle-2.2.1/lib/gradle-core-2.2.1.jar
7f6e100e5000-7f6e100e8000 ---p 00000000 00:00 0 
7f6e100e8000-7f6e101e6000 rw-p 00000000 00:00 0                          [stack:13757]
7f6e101e6000-7f6e101e9000 ---p 00000000 00:00 0 
7f6e101e9000-7f6e102e7000 rw-p 00000000 00:00 0                          [stack:13756]
7f6e102e7000-7f6e102ea000 ---p 00000000 00:00 0 
7f6e102ea000-7f6e103e8000 rw-p 00000000 00:00 0                          [stack:13754]
7f6e103e8000-7f6e103eb000 ---p 00000000 00:00 0 
7f6e103eb000-7f6e104e9000 rw-p 00000000 00:00 0                          [stack:13753]
7f6e104e9000-7f6e104ea000 ---p 00000000 00:00 0 
7f6e104ea000-7f6e10f63000 rw-p 00000000 00:00 0                          [stack:13752]
7f6e10f63000-7f6e1113b000 r--s 03d1e000 08:01 6823880                    /usr/lib/jvm/java-8-oracle/jre/lib/rt.jar
7f6e1113b000-7f6e11bb1000 rw-p 00000000 00:00 0 
7f6e11bb1000-7f6e11bb2000 ---p 00000000 00:00 0 
7f6e11bb2000-7f6e11cb2000 rw-p 00000000 00:00 0                          [stack:13751]
7f6e11cb2000-7f6e11cb3000 ---p 00000000 00:00 0 
7f6e11cb3000-7f6e11dc3000 rw-p 00000000 00:00 0                          [stack:13750]
7f6e11dc3000-7f6e11f09000 ---p 00000000 00:00 0 
7f6e11f09000-7f6e11f19000 rw-p 00000000 00:00 0 
7f6e11f19000-7f6e1205e000 ---p 00000000 00:00 0 
7f6e1205e000-7f6e120b9000 rw-p 00000000 00:00 0 
7f6e120b9000-7f6e12109000 ---p 00000000 00:00 0 
7f6e12109000-7f6e12135000 rw-p 00000000 00:00 0 
7f6e12135000-7f6e124ca000 ---p 00000000 00:00 0 
7f6e124ca000-7f6e124e4000 r-xp 00000000 08:01 7602348                    /usr/lib/jvm/java-8-oracle/jre/lib/amd64/libzip.so
7f6e124e4000-7f6e126e4000 ---p 0001a000 08:01 7602348                    /usr/lib/jvm/java-8-oracle/jre/lib/amd64/libzip.so
7f6e126e4000-7f6e126e5000 rw-p 0001a000 08:01 7602348                    /usr/lib/jvm/java-8-oracle/jre/lib/amd64/libzip.so
7f6e126e5000-7f6e126f1000 r-xp 00000000 08:01 5771086                    /lib/x86_64-linux-gnu/libnss_files-2.21.so
7f6e126f1000-7f6e128f0000 ---p 0000c000 08:01 5771086                    /lib/x86_64-linux-gnu/libnss_files-2.21.so
7f6e128f0000-7f6e128f1000 r--p 0000b000 08:01 5771086                    /lib/x86_64-linux-gnu/libnss_files-2.21.so
7f6e128f1000-7f6e128f2000 rw-p 0000c000 08:01 5771086                    /lib/x86_64-linux-gnu/libnss_files-2.21.so
7f6e128f2000-7f6e128fd000 r-xp 00000000 08:01 5771096                    /lib/x86_64-linux-gnu/libnss_nis-2.21.so
7f6e128fd000-7f6e12afc000 ---p 0000b000 08:01 5771096                    /lib/x86_64-linux-gnu/libnss_nis-2.21.so
7f6e12afc000-7f6e12afd000 r--p 0000a000 08:01 5771096                    /lib/x86_64-linux-gnu/libnss_nis-2.21.so
7f6e12afd000-7f6e12afe000 rw-p 0000b000 08:01 5771096                    /lib/x86_64-linux-gnu/libnss_nis-2.21.so
7f6e12afe000-7f6e12b15000 r-xp 00000000 08:01 5771080                    /lib/x86_64-linux-gnu/libnsl-2.21.so
7f6e12b15000-7f6e12d14000 ---p 00017000 08:01 5771080                    /lib/x86_64-linux-gnu/libnsl-2.21.so
7f6e12d14000-7f6e12d15000 r--p 00016000 08:01 5771080                    /lib/x86_64-linux-gnu/libnsl-2.21.so
7f6e12d15000-7f6e12d16000 rw-p 00017000 08:01 5771080                    /lib/x86_64-linux-gnu/libnsl-2.21.so
7f6e12d16000-7f6e12d18000 rw-p 00000000 00:00 0 
7f6e12d18000-7f6e12d20000 r-xp 00000000 08:01 5771082                    /lib/x86_64-linux-gnu/libnss_compat-2.21.so
7f6e12d20000-7f6e12f1f000 ---p 00008000 08:01 5771082                    /lib/x86_64-linux-gnu/libnss_compat-2.21.so
7f6e12f1f000-7f6e12f20000 r--p 00007000 08:01 5771082                    /lib/x86_64-linux-gnu/libnss_compat-2.21.so
7f6e12f20000-7f6e12f21000 rw-p 00008000 08:01 5771082                    /lib/x86_64-linux-gnu/libnss_compat-2.21.so
7f6e12f21000-7f6e12f4b000 r-xp 00000000 08:01 7602343                    /usr/lib/jvm/java-8-oracle/jre/lib/amd64/libjava.so
7f6e12f4b000-7f6e1314b000 ---p 0002a000 08:01 7602343                    /usr/lib/jvm/java-8-oracle/jre/lib/amd64/libjava.so
7f6e1314b000-7f6e1314d000 rw-p 0002a000 08:01 7602343                    /usr/lib/jvm/java-8-oracle/jre/lib/amd64/libjava.so
7f6e1314d000-7f6e1315a000 r-xp 00000000 08:01 7602347                    /usr/lib/jvm/java-8-oracle/jre/lib/amd64/libverify.so
7f6e1315a000-7f6e1335a000 ---p 0000d000 08:01 7602347                    /usr/lib/jvm/java-8-oracle/jre/lib/amd64/libverify.so
7f6e1335a000-7f6e1335c000 rw-p 0000d000 08:01 7602347                    /usr/lib/jvm/java-8-oracle/jre/lib/amd64/libverify.so
7f6e1335c000-7f6e13363000 r-xp 00000000 08:01 5771141                    /lib/x86_64-linux-gnu/librt-2.21.so
7f6e13363000-7f6e13562000 ---p 00007000 08:01 5771141                    /lib/x86_64-linux-gnu/librt-2.21.so
7f6e13562000-7f6e13563000 r--p 00006000 08:01 5771141                    /lib/x86_64-linux-gnu/librt-2.21.so
7f6e13563000-7f6e13564000 rw-p 00007000 08:01 5771141                    /lib/x86_64-linux-gnu/librt-2.21.so
7f6e13564000-7f6e1366b000 r-xp 00000000 08:01 5771059                    /lib/x86_64-linux-gnu/libm-2.21.so
7f6e1366b000-7f6e1386a000 ---p 00107000 08:01 5771059                    /lib/x86_64-linux-gnu/libm-2.21.so
7f6e1386a000-7f6e1386b000 r--p 00106000 08:01 5771059                    /lib/x86_64-linux-gnu/libm-2.21.so
7f6e1386b000-7f6e1386c000 rw-p 00107000 08:01 5771059                    /lib/x86_64-linux-gnu/libm-2.21.so
7f6e1386c000-7f6e1452b000 r-xp 00000000 08:01 7602326                    /usr/lib/jvm/java-8-oracle/jre/lib/amd64/server/libjvm.so
7f6e1452b000-7f6e1472a000 ---p 00cbf000 08:01 7602326                    /usr/lib/jvm/java-8-oracle/jre/lib/amd64/server/libjvm.so
7f6e1472a000-7f6e14803000 rw-p 00cbe000 08:01 7602326                    /usr/lib/jvm/java-8-oracle/jre/lib/amd64/server/libjvm.so
7f6e14803000-7f6e1484c000 rw-p 00000000 00:00 0 
7f6e1484c000-7f6e14a0c000 r-xp 00000000 08:01 5771000                    /lib/x86_64-linux-gnu/libc-2.21.so
7f6e14a0c000-7f6e14c0c000 ---p 001c0000 08:01 5771000                    /lib/x86_64-linux-gnu/libc-2.21.so
7f6e14c0c000-7f6e14c10000 r--p 001c0000 08:01 5771000                    /lib/x86_64-linux-gnu/libc-2.21.so
7f6e14c10000-7f6e14c12000 rw-p 001c4000 08:01 5771000                    /lib/x86_64-linux-gnu/libc-2.21.so
7f6e14c12000-7f6e14c16000 rw-p 00000000 00:00 0 
7f6e14c16000-7f6e14c19000 r-xp 00000000 08:01 5771017                    /lib/x86_64-linux-gnu/libdl-2.21.so
7f6e14c19000-7f6e14e18000 ---p 00003000 08:01 5771017                    /lib/x86_64-linux-gnu/libdl-2.21.so
7f6e14e18000-7f6e14e19000 r--p 00002000 08:01 5771017                    /lib/x86_64-linux-gnu/libdl-2.21.so
7f6e14e19000-7f6e14e1a000 rw-p 00003000 08:01 5771017                    /lib/x86_64-linux-gnu/libdl-2.21.so
7f6e14e1a000-7f6e14e2f000 r-xp 00000000 08:01 5641585                    /usr/lib/jvm/java-8-oracle/lib/amd64/jli/libjli.so
7f6e14e2f000-7f6e1502f000 ---p 00015000 08:01 5641585                    /usr/lib/jvm/java-8-oracle/lib/amd64/jli/libjli.so
7f6e1502f000-7f6e15030000 rw-p 00015000 08:01 5641585                    /usr/lib/jvm/java-8-oracle/lib/amd64/jli/libjli.so
7f6e15030000-7f6e15048000 r-xp 00000000 08:01 5771133                    /lib/x86_64-linux-gnu/libpthread-2.21.so
7f6e15048000-7f6e15248000 ---p 00018000 08:01 5771133                    /lib/x86_64-linux-gnu/libpthread-2.21.so
7f6e15248000-7f6e15249000 r--p 00018000 08:01 5771133                    /lib/x86_64-linux-gnu/libpthread-2.21.so
7f6e15249000-7f6e1524a000 rw-p 00019000 08:01 5771133                    /lib/x86_64-linux-gnu/libpthread-2.21.so
7f6e1524a000-7f6e1524e000 rw-p 00000000 00:00 0 
7f6e1524e000-7f6e15272000 r-xp 00000000 08:01 5770974                    /lib/x86_64-linux-gnu/ld-2.21.so
7f6e15272000-7f6e15275000 r--s 00018000 08:01 6166071                    /home/arty/.gradle/wrapper/dists/gradle-2.2.1-all/c64ydeuardnfqctvr1gm30w53/gradle-2.2.1/lib/commons-io-1.4.jar
7f6e15275000-7f6e1534e000 rw-p 00000000 00:00 0 
7f6e1534e000-7f6e15351000 ---p 00000000 00:00 0 
7f6e15351000-7f6e15453000 rw-p 00000000 00:00 0                          [stack:13749]
7f6e15453000-7f6e15454000 r--s 00000000 08:01 6166075                    /home/arty/.gradle/wrapper/dists/gradle-2.2.1-all/c64ydeuardnfqctvr1gm30w53/gradle-2.2.1/lib/jcip-annotations-1.0.jar
7f6e15454000-7f6e15456000 r--s 00006000 08:01 6166063                    /home/arty/.gradle/wrapper/dists/gradle-2.2.1-all/c64ydeuardnfqctvr1gm30w53/gradle-2.2.1/lib/slf4j-api-1.7.7.jar
7f6e15456000-7f6e15457000 r--s 00004000 08:01 6166091                    /home/arty/.gradle/wrapper/dists/gradle-2.2.1-all/c64ydeuardnfqctvr1gm30w53/gradle-2.2.1/lib/ant-launcher-1.9.3.jar
7f6e15457000-7f6e1545d000 r--s 00026000 08:01 6166057                    /home/arty/.gradle/wrapper/dists/gradle-2.2.1-all/c64ydeuardnfqctvr1gm30w53/gradle-2.2.1/lib/gradle-base-services-2.2.1.jar
7f6e1545d000-7f6e15465000 r--s 0003c000 08:01 6166055                    /home/arty/.gradle/wrapper/dists/gradle-2.2.1-all/c64ydeuardnfqctvr1gm30w53/gradle-2.2.1/lib/gradle-launcher-2.2.1.jar
7f6e15465000-7f6e1546d000 rw-s 00000000 08:01 1048843                    /tmp/hsperfdata_arty/13747
7f6e1546d000-7f6e1546e000 rw-p 00000000 00:00 0 
7f6e1546e000-7f6e1546f000 ---p 00000000 00:00 0 
7f6e1546f000-7f6e15471000 rw-p 00000000 00:00 0 
7f6e15471000-7f6e15472000 r--p 00023000 08:01 5770974                    /lib/x86_64-linux-gnu/ld-2.21.so
7f6e15472000-7f6e15473000 rw-p 00024000 08:01 5770974                    /lib/x86_64-linux-gnu/ld-2.21.so
7f6e15473000-7f6e15474000 rw-p 00000000 00:00 0 
7ffc077b9000-7ffc077da000 rw-p 00000000 00:00 0                          [stack]
7ffc077e9000-7ffc077eb000 r--p 00000000 00:00 0                          [vvar]
7ffc077eb000-7ffc077ed000 r-xp 00000000 00:00 0                          [vdso]
ffffffffff600000-ffffffffff601000 r-xp 00000000 00:00 0                  [vsyscall]

VM Arguments:
jvm_args: -XX:MaxPermSize=256m -XX:+HeapDumpOnOutOfMemoryError -Xmx1024m -Dfile.encoding=UTF-8 -Duser.country=US -Duser.language=en -Duser.variant 
java_command: org.gradle.launcher.daemon.bootstrap.GradleDaemon 2.2.1 /home/arty/.gradle/daemon 60000 4bc8ce41-8585-40fa-b90b-c7ba79cbf7fd -XX:MaxPermSize=256m -XX:+HeapDumpOnOutOfMemoryError -Xmx1024m -Dfile.encoding=UTF-8 -Duser.country=US -Duser.language=en -Duser.variant
java_class_path (initial): /home/arty/.gradle/wrapper/dists/gradle-2.2.1-all/c64ydeuardnfqctvr1gm30w53/gradle-2.2.1/lib/gradle-launcher-2.2.1.jar
Launcher Type: SUN_STANDARD

Environment Variables:
PATH=/usr/local/bin:/bin:/usr/bin:/usr/local/sbin:/usr/sbin:/sbin
LD_LIBRARY_PATH=/opt/idea/bin:
SHELL=/usr/bin/zsh
DISPLAY=:0.0

Signal Handlers:
SIGSEGV: [libjvm.so+0xabb070], sa_mask[0]=11111111011111111101111111111110, sa_flags=SA_RESTART|SA_SIGINFO
SIGBUS: [libjvm.so+0xabb070], sa_mask[0]=11111111011111111101111111111110, sa_flags=SA_RESTART|SA_SIGINFO
SIGFPE: [libjvm.so+0x918480], sa_mask[0]=11111111011111111101111111111110, sa_flags=SA_RESTART|SA_SIGINFO
SIGPIPE: [libjvm.so+0x918480], sa_mask[0]=11111111011111111101111111111110, sa_flags=SA_RESTART|SA_SIGINFO
SIGXFSZ: [libjvm.so+0x918480], sa_mask[0]=11111111011111111101111111111110, sa_flags=SA_RESTART|SA_SIGINFO
SIGILL: [libjvm.so+0x918480], sa_mask[0]=11111111011111111101111111111110, sa_flags=SA_RESTART|SA_SIGINFO
SIGUSR1: SIG_DFL, sa_mask[0]=00000000000000000000000000000000, sa_flags=none
SIGUSR2: [libjvm.so+0x919ab0], sa_mask[0]=00100000000000000000000000000000, sa_flags=SA_RESTART|SA_SIGINFO
SIGHUP: [libjvm.so+0x91aeb0], sa_mask[0]=11111111011111111101111111111110, sa_flags=SA_RESTART|SA_SIGINFO
SIGINT: [libjvm.so+0x91aeb0], sa_mask[0]=11111111011111111101111111111110, sa_flags=SA_RESTART|SA_SIGINFO
SIGTERM: [libjvm.so+0x91aeb0], sa_mask[0]=11111111011111111101111111111110, sa_flags=SA_RESTART|SA_SIGINFO
SIGQUIT: [libjvm.so+0x91aeb0], sa_mask[0]=11111111011111111101111111111110, sa_flags=SA_RESTART|SA_SIGINFO


---------------  S Y S T E M  ---------------

OS:DISTRIB_ID=Ubuntu
DISTRIB_RELEASE=15.04
DISTRIB_CODENAME=vivid
DISTRIB_DESCRIPTION="GalliumOS 1.0"

uname:Linux 4.1.14-galliumos #17 SMP PREEMPT Fri Feb 12 11:57:52 MST 2016 x86_64
libc:glibc 2.21 NPTL 2.21 
rlimit: STACK 8192k, CORE 0k, NPROC 7434, NOFILE 65536, AS infinity
load average:5,87 3,57 3,34

/proc/meminfo:
MemTotal:        1921228 kB
MemFree:           13828 kB
MemAvailable:      25904 kB
Buffers:             304 kB
Cached:            10636 kB
SwapCached:         1128 kB
Active:           353548 kB
Inactive:         355664 kB
Active(anon):     351076 kB
Inactive(anon):   352992 kB
Active(file):       2472 kB
Inactive(file):     2672 kB
Unevictable:           0 kB
Mlocked:               0 kB
SwapTotal:       2881840 kB
SwapFree:          15764 kB
Dirty:                 0 kB
Writeback:             0 kB
AnonPages:        697844 kB
Mapped:             4888 kB
Shmem:              5500 kB
Slab:              58268 kB
SReclaimable:      23312 kB
SUnreclaim:        34956 kB
KernelStack:        7584 kB
PageTables:        40376 kB
NFS_Unstable:          0 kB
Bounce:                0 kB
WritebackTmp:          0 kB
CommitLimit:     3842452 kB
Committed_AS:    6401368 kB
VmallocTotal:   34359738367 kB
VmallocUsed:      356096 kB
VmallocChunk:   34358947836 kB
HardwareCorrupted:     0 kB
CmaTotal:              0 kB
CmaFree:               0 kB
HugePages_Total:       0
HugePages_Free:        0
HugePages_Rsvd:        0
HugePages_Surp:        0
Hugepagesize:       2048 kB
DirectMap4k:      723432 kB
DirectMap2M:     1312768 kB
DirectMap1G:           0 kB


CPU:total 2 (2 cores per cpu, 1 threads per core) family 6 model 69 stepping 1, cmov, cx8, fxsr, mmx, sse, sse2, sse3, ssse3, sse4.1, sse4.2, popcnt, clmul, erms, lzcnt, tsc, tscinvbit

/proc/cpuinfo:
processor	: 0
vendor_id	: GenuineIntel
cpu family	: 6
model		: 69
model name	: Intel(R) Celeron(R) 2955U @ 1.40GHz
stepping	: 1
microcode	: 0x1c
cpu MHz		: 1400.000
cache size	: 2048 KB
physical id	: 0
siblings	: 2
core id		: 0
cpu cores	: 2
apicid		: 0
initial apicid	: 0
fpu		: yes
fpu_exception	: yes
cpuid level	: 13
wp		: yes
flags		: fpu vme de pse tsc msr pae mce cx8 apic sep mtrr pge mca cmov pat pse36 clflush dts acpi mmx fxsr sse sse2 ss ht tm pbe syscall nx pdpe1gb rdtscp lm constant_tsc arch_perfmon pebs bts rep_good nopl xtopology nonstop_tsc aperfmperf eagerfpu pni pclmulqdq dtes64 monitor ds_cpl vmx est tm2 ssse3 cx16 xtpr pdcm pcid sse4_1 sse4_2 movbe popcnt tsc_deadline_timer xsave rdrand lahf_lm abm arat epb pln pts dtherm tpr_shadow vnmi flexpriority ept vpid fsgsbase tsc_adjust erms invpcid xsaveopt
bugs		:
bogomips	: 2793.56
clflush size	: 64
cache_alignment	: 64
address sizes	: 39 bits physical, 48 bits virtual
power management:

processor	: 1
vendor_id	: GenuineIntel
cpu family	: 6
model		: 69
model name	: Intel(R) Celeron(R) 2955U @ 1.40GHz
stepping	: 1
microcode	: 0x1c
cpu MHz		: 1400.000
cache size	: 2048 KB
physical id	: 0
siblings	: 2
core id		: 1
cpu cores	: 2
apicid		: 2
initial apicid	: 2
fpu		: yes
fpu_exception	: yes
cpuid level	: 13
wp		: yes
flags		: fpu vme de pse tsc msr pae mce cx8 apic sep mtrr pge mca cmov pat pse36 clflush dts acpi mmx fxsr sse sse2 ss ht tm pbe syscall nx pdpe1gb rdtscp lm constant_tsc arch_perfmon pebs bts rep_good nopl xtopology nonstop_tsc aperfmperf eagerfpu pni pclmulqdq dtes64 monitor ds_cpl vmx est tm2 ssse3 cx16 xtpr pdcm pcid sse4_1 sse4_2 movbe popcnt tsc_deadline_timer xsave rdrand lahf_lm abm arat epb pln pts dtherm tpr_shadow vnmi flexpriority ept vpid fsgsbase tsc_adjust erms invpcid xsaveopt
bugs		:
bogomips	: 2793.56
clflush size	: 64
cache_alignment	: 64
address sizes	: 39 bits physical, 48 bits virtual
power management:



Memory: 4k page, physical 1921228k(14164k free), swap 2881840k(15764k free)

vm_info: Java HotSpot(TM) 64-Bit Server VM (25.77-b03) for linux-amd64 JRE (1.8.0_77-b03), built on Mar 20 2016 22:00:46 by "java_re" with gcc 4.3.0 20080428 (Red Hat 4.3.0-8)

time: Thu May 26 21:15:49 2016
elapsed time: 40 seconds (0d 0h 0m 40s)

